#
# There is insufficient memory for the Java Runtime Environment to continue.
# Native memory allocation (malloc) failed to allocate 1676176 bytes for Chunk::new
# Possible reasons:
#   The system is out of physical RAM or swap space
#   The process is running with CompressedOops enabled, and the Java Heap may be blocking the growth of the native heap
# Possible solutions:
#   Reduce memory load on the system
#   Increase physical memory or swap space
#   Check if swap backing store is full
#   Decrease Java heap size (-Xmx/-Xms)
#   Decrease number of Java threads
#   Decrease Java thread stack sizes (-Xss)
#   Set larger code cache with -XX:ReservedCodeCacheSize=
#   JVM is running with Unscaled Compressed Oops mode in which the Java heap is
#     placed in the first 4GB address space. The Java Heap base address is the
#     maximum limit for the native heap growth. Please use -XX:HeapBaseMinAddress
#     to set the Java Heap base and to place the Java Heap above 4GB virtual address.
# This output file may be truncated or incomplete.
#
#  Out of Memory Error (./src/hotspot/share/memory/arena.cpp:197), pid=28496, tid=9256
#
# JRE version: OpenJDK Runtime Environment (11.0.13) (build 11.0.13+0-b1751.21-8125866)
# Java VM: OpenJDK 64-Bit Server VM (11.0.13+0-b1751.21-8125866, mixed mode, tiered, compressed oops, g1 gc, windows-amd64)
# No core dump will be written. Minidumps are not enabled by default on client versions of Windows
#

---------------  S U M M A R Y ------------

Command Line: --add-opens=java.base/java.util=ALL-UNNAMED --add-opens=java.base/java.lang=ALL-UNNAMED --add-opens=java.base/java.lang.invoke=ALL-UNNAMED --add-opens=java.base/java.util=ALL-UNNAMED --add-opens=java.prefs/java.util.prefs=ALL-UNNAMED --add-opens=java.prefs/java.util.prefs=ALL-UNNAMED --add-opens=java.base/java.nio.charset=ALL-UNNAMED --add-opens=java.base/java.net=ALL-UNNAMED --add-opens=java.base/java.util.concurrent.atomic=ALL-UNNAMED -Xmx2048m -Dfile.encoding=UTF-8 -Duser.country=TW -Duser.language=zh -Duser.variant org.gradle.launcher.daemon.bootstrap.GradleDaemon 7.4

Host: Intel(R) Core(TM) i5-7300U CPU @ 2.60GHz, 4 cores, 15G,  Windows 10 , 64 bit Build 19041 (10.0.19041.3155)
Time: Wed Oct  4 10:37:25 2023 台北標準時間 elapsed time: 62.490092 seconds (0d 0h 1m 2s)

---------------  T H R E A D  ---------------

Current thread (0x0000025a979bf000):  JavaThread "C2 CompilerThread1" daemon [_thread_in_native, id=9256, stack(0x000000d78d500000,0x000000d78d600000)]


Current CompileTask:
C2:  62490 6720 %     4       org.gradle.internal.instantiation.generator.AbstractClassGenerator::inspectType @ 250 (560 bytes)

Stack: [0x000000d78d500000,0x000000d78d600000]
Native frames: (J=compiled Java code, j=interpreted, Vv=VM code, C=native code)
V  [jvm.dll+0x6100fa]
V  [jvm.dll+0x747090]
V  [jvm.dll+0x7486ad]
V  [jvm.dll+0x748d83]
V  [jvm.dll+0x24ab48]
V  [jvm.dll+0xc04dc]
V  [jvm.dll+0xc0a0c]
V  [jvm.dll+0x35eb9d]
V  [jvm.dll+0x32b833]
V  [jvm.dll+0x32ad2a]
V  [jvm.dll+0x2032b2]
V  [jvm.dll+0x202437]
V  [jvm.dll+0x188e01]
V  [jvm.dll+0x21106b]
V  [jvm.dll+0x20f8c1]
V  [jvm.dll+0x70de0f]
V  [jvm.dll+0x706a75]
V  [jvm.dll+0x60ed66]
C  [ucrtbase.dll+0x21bb2]
C  [KERNEL32.DLL+0x17614]
C  [ntdll.dll+0x526b1]


---------------  P R O C E S S  ---------------

Threads class SMR info:
_java_thread_list=0x0000025a96c8d660, length=79, elements={
0x0000025af88b0800, 0x0000025a93024800, 0x0000025a9302d800, 0x0000025a93097800,
0x0000025a93098000, 0x0000025a93099000, 0x0000025a9309c000, 0x0000025a9309f000,
0x0000025a93116800, 0x0000025a9320c800, 0x0000025a94899800, 0x0000025a93d3b800,
0x0000025a947e0800, 0x0000025a930e2000, 0x0000025a930e3000, 0x0000025a94718000,
0x0000025a9526d000, 0x0000025a930e8800, 0x0000025a94713800, 0x0000025a94714000,
0x0000025a9334f000, 0x0000025a9334d800, 0x0000025a93350000, 0x0000025a9334e000,
0x0000025a9334b000, 0x0000025a9334b800, 0x0000025a93350800, 0x0000025a93351800,
0x0000025a9334c800, 0x0000025a979c8800, 0x0000025a979c7800, 0x0000025a979c9000,
0x0000025a979ca000, 0x0000025a979cb000, 0x0000025a979cb800, 0x0000025a979c6000,
0x0000025a979d2000, 0x0000025a979cf000, 0x0000025a979d1800, 0x0000025a979cc800,
0x0000025a979d3000, 0x0000025a979d0800, 0x0000025a979cd800, 0x0000025a979ce000,
0x0000025a979cf800, 0x0000025a979d4000, 0x0000025a979d4800, 0x0000025a9a8cd800,
0x0000025a9a8c9800, 0x0000025a9a8ca800, 0x0000025a9a8cb800, 0x0000025a9a8c9000,
0x0000025a9a8c8000, 0x0000025a9a8cd000, 0x0000025a9a8ce800, 0x0000025a9a8cf800,
0x0000025a9a8d0000, 0x0000025a9a8d1000, 0x0000025a9a8d2000, 0x0000025a9a8cc000,
0x0000025a9a8d6000, 0x0000025a9a8d2800, 0x0000025a9a8d3800, 0x0000025a9a8d4800,
0x0000025a9a8d5000, 0x0000025a9a8d6800, 0x0000025a95182000, 0x0000025a95184800,
0x0000025a95183000, 0x0000025a95185800, 0x0000025a95181800, 0x0000025a95189800,
0x0000025a95187000, 0x0000025a95188000, 0x0000025a95186000, 0x0000025a95188800,
0x0000025a95183800, 0x0000025a9518d800, 0x0000025a979bf000
}

Java Threads: ( => current thread )
  0x0000025af88b0800 JavaThread "main" [_thread_blocked, id=23788, stack(0x000000d78d800000,0x000000d78d900000)]
  0x0000025a93024800 JavaThread "Reference Handler" daemon [_thread_blocked, id=27324, stack(0x000000d78df00000,0x000000d78e000000)]
  0x0000025a9302d800 JavaThread "Finalizer" daemon [_thread_blocked, id=25668, stack(0x000000d78e000000,0x000000d78e100000)]
  0x0000025a93097800 JavaThread "Signal Dispatcher" daemon [_thread_blocked, id=20456, stack(0x000000d78e100000,0x000000d78e200000)]
  0x0000025a93098000 JavaThread "Attach Listener" daemon [_thread_blocked, id=15472, stack(0x000000d78e200000,0x000000d78e300000)]
  0x0000025a93099000 JavaThread "Service Thread" daemon [_thread_blocked, id=24788, stack(0x000000d78e300000,0x000000d78e400000)]
  0x0000025a9309c000 JavaThread "C2 CompilerThread0" daemon [_thread_in_native, id=2532, stack(0x000000d78e400000,0x000000d78e500000)]
  0x0000025a9309f000 JavaThread "C1 CompilerThread0" daemon [_thread_blocked, id=21288, stack(0x000000d78e500000,0x000000d78e600000)]
  0x0000025a93116800 JavaThread "Sweeper thread" daemon [_thread_blocked, id=19976, stack(0x000000d78e600000,0x000000d78e700000)]
  0x0000025a9320c800 JavaThread "Common-Cleaner" daemon [_thread_blocked, id=23204, stack(0x000000d78e700000,0x000000d78e800000)]
  0x0000025a94899800 JavaThread "Daemon health stats" [_thread_blocked, id=2296, stack(0x000000d78ec00000,0x000000d78ed00000)]
  0x0000025a93d3b800 JavaThread "Incoming local TCP Connector on port 57391" [_thread_in_native, id=5412, stack(0x000000d78ed00000,0x000000d78ee00000)]
  0x0000025a947e0800 JavaThread "Daemon periodic checks" [_thread_blocked, id=28832, stack(0x000000d78ee00000,0x000000d78ef00000)]
  0x0000025a930e2000 JavaThread "Daemon" [_thread_blocked, id=6204, stack(0x000000d78ef00000,0x000000d78f000000)]
  0x0000025a930e3000 JavaThread "Handler for socket connection from /127.0.0.1:57391 to /127.0.0.1:57392" [_thread_in_native, id=8340, stack(0x000000d78f000000,0x000000d78f100000)]
  0x0000025a94718000 JavaThread "Cancel handler" [_thread_blocked, id=25248, stack(0x000000d78f100000,0x000000d78f200000)]
  0x0000025a9526d000 JavaThread "Daemon worker" [_thread_in_vm, id=22312, stack(0x000000d78f200000,0x000000d78f300000)]
  0x0000025a930e8800 JavaThread "Asynchronous log dispatcher for DefaultDaemonConnection: socket connection from /127.0.0.1:57391 to /127.0.0.1:57392" [_thread_blocked, id=28136, stack(0x000000d78f300000,0x000000d78f400000)]
  0x0000025a94713800 JavaThread "Stdin handler" [_thread_blocked, id=20132, stack(0x000000d78f400000,0x000000d78f500000)]
  0x0000025a94714000 JavaThread "Daemon client event forwarder" [_thread_blocked, id=14040, stack(0x000000d78f500000,0x000000d78f600000)]
  0x0000025a9334f000 JavaThread "Cache worker for journal cache (C:\Users\chiayi.chu\.gradle\caches\journal-1)" [_thread_blocked, id=31508, stack(0x000000d78f600000,0x000000d78f700000)]
  0x0000025a9334d800 JavaThread "File lock request listener" [_thread_in_native, id=16896, stack(0x000000d78f700000,0x000000d78f800000)]
  0x0000025a93350000 JavaThread "Cache worker for file hash cache (C:\Users\chiayi.chu\.gradle\caches\7.4\fileHashes)" [_thread_blocked, id=24152, stack(0x000000d78f800000,0x000000d78f900000)]
  0x0000025a9334e000 JavaThread "File watcher server" daemon [_thread_in_native, id=30348, stack(0x000000d78f900000,0x000000d78fa00000)]
  0x0000025a9334b000 JavaThread "File watcher consumer" daemon [_thread_blocked, id=31252, stack(0x000000d78fa00000,0x000000d78fb00000)]
  0x0000025a9334b800 JavaThread "Cache worker for checksums cache (D:\servercode\android\ACTMS\.gradle\7.4\checksums)" [_thread_blocked, id=27960, stack(0x000000d78fb00000,0x000000d78fc00000)]
  0x0000025a93350800 JavaThread "Cache worker for cache directory md-rule (C:\Users\chiayi.chu\.gradle\caches\7.4\md-rule)" [_thread_blocked, id=27964, stack(0x000000d78fc00000,0x000000d78fd00000)]
  0x0000025a93351800 JavaThread "Cache worker for file hash cache (D:\servercode\android\ACTMS\.gradle\7.4\fileHashes)" [_thread_blocked, id=27804, stack(0x000000d78fe00000,0x000000d78ff00000)]
  0x0000025a9334c800 JavaThread "Cache worker for cache directory md-supplier (C:\Users\chiayi.chu\.gradle\caches\7.4\md-supplier)" [_thread_blocked, id=22824, stack(0x000000d78ff00000,0x000000d790000000)]
  0x0000025a979c8800 JavaThread "Cache worker for execution history cache (C:\Users\chiayi.chu\.gradle\caches\7.4\executionHistory)" [_thread_blocked, id=2496, stack(0x000000d790000000,0x000000d790100000)]
  0x0000025a979c7800 JavaThread "jar transforms" [_thread_blocked, id=30984, stack(0x000000d790100000,0x000000d790200000)]
  0x0000025a979c9000 JavaThread "Cache worker for file content cache (C:\Users\chiayi.chu\.gradle\caches\7.4\fileContent)" [_thread_blocked, id=30304, stack(0x000000d790200000,0x000000d790300000)]
  0x0000025a979ca000 JavaThread "jar transforms Thread 2" [_thread_blocked, id=30092, stack(0x000000d790300000,0x000000d790400000)]
  0x0000025a979cb000 JavaThread "Cache worker for dependencies-accessors (D:\servercode\android\ACTMS\.gradle\7.4\dependencies-accessors)" [_thread_blocked, id=31504, stack(0x000000d790400000,0x000000d790500000)]
  0x0000025a979cb800 JavaThread "jar transforms Thread 3" [_thread_blocked, id=21228, stack(0x000000d790500000,0x000000d790600000)]
  0x0000025a979c6000 JavaThread "Cache worker for Build Output Cleanup Cache (D:\servercode\android\ACTMS\.gradle\buildOutputCleanup)" [_thread_blocked, id=22628, stack(0x000000d78fd00000,0x000000d78fe00000)]
  0x0000025a979d2000 JavaThread "Unconstrained build operations" [_thread_blocked, id=17172, stack(0x000000d790600000,0x000000d790700000)]
  0x0000025a979cf000 JavaThread "Unconstrained build operations Thread 2" [_thread_blocked, id=30880, stack(0x000000d790700000,0x000000d790800000)]
  0x0000025a979d1800 JavaThread "Unconstrained build operations Thread 3" [_thread_blocked, id=28416, stack(0x000000d790800000,0x000000d790900000)]
  0x0000025a979cc800 JavaThread "Unconstrained build operations Thread 4" [_thread_blocked, id=24000, stack(0x000000d790900000,0x000000d790a00000)]
  0x0000025a979d3000 JavaThread "Unconstrained build operations Thread 5" [_thread_blocked, id=29152, stack(0x000000d790a00000,0x000000d790b00000)]
  0x0000025a979d0800 JavaThread "Unconstrained build operations Thread 6" [_thread_blocked, id=24288, stack(0x000000d790b00000,0x000000d790c00000)]
  0x0000025a979cd800 JavaThread "Unconstrained build operations Thread 7" [_thread_blocked, id=28812, stack(0x000000d790c00000,0x000000d790d00000)]
  0x0000025a979ce000 JavaThread "Unconstrained build operations Thread 8" [_thread_blocked, id=25956, stack(0x000000d790d00000,0x000000d790e00000)]
  0x0000025a979cf800 JavaThread "Unconstrained build operations Thread 9" [_thread_blocked, id=30704, stack(0x000000d790e00000,0x000000d790f00000)]
  0x0000025a979d4000 JavaThread "Unconstrained build operations Thread 10" [_thread_blocked, id=7088, stack(0x000000d790f00000,0x000000d791000000)]
  0x0000025a979d4800 JavaThread "Unconstrained build operations Thread 11" [_thread_blocked, id=24848, stack(0x000000d791000000,0x000000d791100000)]
  0x0000025a9a8cd800 JavaThread "Unconstrained build operations Thread 12" [_thread_blocked, id=9116, stack(0x000000d791100000,0x000000d791200000)]
  0x0000025a9a8c9800 JavaThread "Unconstrained build operations Thread 13" [_thread_blocked, id=18880, stack(0x000000d791200000,0x000000d791300000)]
  0x0000025a9a8ca800 JavaThread "Unconstrained build operations Thread 14" [_thread_blocked, id=10416, stack(0x000000d791300000,0x000000d791400000)]
  0x0000025a9a8cb800 JavaThread "Unconstrained build operations Thread 15" [_thread_blocked, id=25700, stack(0x000000d791400000,0x000000d791500000)]
  0x0000025a9a8c9000 JavaThread "Unconstrained build operations Thread 16" [_thread_blocked, id=27112, stack(0x000000d791500000,0x000000d791600000)]
  0x0000025a9a8c8000 JavaThread "Unconstrained build operations Thread 17" [_thread_blocked, id=4152, stack(0x000000d791600000,0x000000d791700000)]
  0x0000025a9a8cd000 JavaThread "Unconstrained build operations Thread 18" [_thread_blocked, id=30644, stack(0x000000d791700000,0x000000d791800000)]
  0x0000025a9a8ce800 JavaThread "Unconstrained build operations Thread 19" [_thread_blocked, id=728, stack(0x000000d791800000,0x000000d791900000)]
  0x0000025a9a8cf800 JavaThread "Unconstrained build operations Thread 20" [_thread_blocked, id=14940, stack(0x000000d791900000,0x000000d791a00000)]
  0x0000025a9a8d0000 JavaThread "Unconstrained build operations Thread 21" [_thread_blocked, id=29884, stack(0x000000d791a00000,0x000000d791b00000)]
  0x0000025a9a8d1000 JavaThread "Unconstrained build operations Thread 22" [_thread_blocked, id=30592, stack(0x000000d791b00000,0x000000d791c00000)]
  0x0000025a9a8d2000 JavaThread "Unconstrained build operations Thread 23" [_thread_blocked, id=28548, stack(0x000000d791c00000,0x000000d791d00000)]
  0x0000025a9a8cc000 JavaThread "Unconstrained build operations Thread 24" [_thread_blocked, id=18592, stack(0x000000d791d00000,0x000000d791e00000)]
  0x0000025a9a8d6000 JavaThread "Unconstrained build operations Thread 25" [_thread_blocked, id=24660, stack(0x000000d791e00000,0x000000d791f00000)]
  0x0000025a9a8d2800 JavaThread "Unconstrained build operations Thread 26" [_thread_blocked, id=9380, stack(0x000000d791f00000,0x000000d792000000)]
  0x0000025a9a8d3800 JavaThread "Unconstrained build operations Thread 27" [_thread_blocked, id=19696, stack(0x000000d792000000,0x000000d792100000)]
  0x0000025a9a8d4800 JavaThread "Unconstrained build operations Thread 28" [_thread_blocked, id=29552, stack(0x000000d792100000,0x000000d792200000)]
  0x0000025a9a8d5000 JavaThread "Unconstrained build operations Thread 29" [_thread_blocked, id=28808, stack(0x000000d792200000,0x000000d792300000)]
  0x0000025a9a8d6800 JavaThread "Unconstrained build operations Thread 30" [_thread_blocked, id=18816, stack(0x000000d792300000,0x000000d792400000)]
  0x0000025a95182000 JavaThread "Unconstrained build operations Thread 31" [_thread_blocked, id=14660, stack(0x000000d792400000,0x000000d792500000)]
  0x0000025a95184800 JavaThread "Unconstrained build operations Thread 32" [_thread_blocked, id=29832, stack(0x000000d792500000,0x000000d792600000)]
  0x0000025a95183000 JavaThread "Unconstrained build operations Thread 33" [_thread_blocked, id=18772, stack(0x000000d792600000,0x000000d792700000)]
  0x0000025a95185800 JavaThread "Unconstrained build operations Thread 34" [_thread_blocked, id=22568, stack(0x000000d792700000,0x000000d792800000)]
  0x0000025a95181800 JavaThread "Unconstrained build operations Thread 35" [_thread_blocked, id=22436, stack(0x000000d792800000,0x000000d792900000)]
  0x0000025a95189800 JavaThread "Unconstrained build operations Thread 36" [_thread_blocked, id=31408, stack(0x000000d792900000,0x000000d792a00000)]
  0x0000025a95187000 JavaThread "Unconstrained build operations Thread 37" [_thread_blocked, id=27460, stack(0x000000d792a00000,0x000000d792b00000)]
  0x0000025a95188000 JavaThread "Unconstrained build operations Thread 38" [_thread_blocked, id=29632, stack(0x000000d792b00000,0x000000d792c00000)]
  0x0000025a95186000 JavaThread "Unconstrained build operations Thread 39" [_thread_blocked, id=15652, stack(0x000000d792c00000,0x000000d792d00000)]
  0x0000025a95188800 JavaThread "Unconstrained build operations Thread 40" [_thread_blocked, id=18944, stack(0x000000d792d00000,0x000000d792e00000)]
  0x0000025a95183800 JavaThread "jar transforms Thread 4" [_thread_blocked, id=3060, stack(0x000000d792e00000,0x000000d792f00000)]
  0x0000025a9518d800 JavaThread "Memory manager" [_thread_blocked, id=22772, stack(0x000000d793200000,0x000000d793300000)]
=>0x0000025a979bf000 JavaThread "C2 CompilerThread1" daemon [_thread_in_native, id=9256, stack(0x000000d78d500000,0x000000d78d600000)]

Other Threads:
  0x0000025aff50e800 VMThread "VM Thread" [stack: 0x000000d78de00000,0x000000d78df00000] [id=29628]
  0x0000025a93245800 WatcherThread [stack: 0x000000d78e800000,0x000000d78e900000] [id=30140]
  0x0000025af88c9800 GCTaskThread "GC Thread#0" [stack: 0x000000d78d900000,0x000000d78da00000] [id=4708]
  0x0000025a93403800 GCTaskThread "GC Thread#1" [stack: 0x000000d78e900000,0x000000d78ea00000] [id=24500]
  0x0000025a93554000 GCTaskThread "GC Thread#2" [stack: 0x000000d78ea00000,0x000000d78eb00000] [id=11004]
  0x0000025a939ae000 GCTaskThread "GC Thread#3" [stack: 0x000000d78eb00000,0x000000d78ec00000] [id=18080]
  0x0000025af88f8800 ConcurrentGCThread "G1 Main Marker" [stack: 0x000000d78da00000,0x000000d78db00000] [id=30428]
  0x0000025af88fa000 ConcurrentGCThread "G1 Conc#0" [stack: 0x000000d78db00000,0x000000d78dc00000] [id=30988]
  0x0000025aff374800 ConcurrentGCThread "G1 Refine#0" [stack: 0x000000d78dc00000,0x000000d78dd00000] [id=25436]
  0x0000025aff375800 ConcurrentGCThread "G1 Young RemSet Sampling" [stack: 0x000000d78dd00000,0x000000d78de00000] [id=12040]

Threads with active compile tasks:
C2 CompilerThread0  62647 6900       4       java.net.URLClassLoader::getAndVerifyPackage (109 bytes)
C2 CompilerThread1  62647 6720 %     4       org.gradle.internal.instantiation.generator.AbstractClassGenerator::inspectType @ 250 (560 bytes)

VM state:not at safepoint (normal execution)

VM Mutex/Monitor currently owned by a thread: None

Heap address: 0x0000000080000000, size: 2048 MB, Compressed Oops mode: 32-bit
Narrow klass base: 0x0000000000000000, Narrow klass shift: 3
Compressed class space size: 1073741824 Address: 0x0000000100000000

Heap:
 garbage-first heap   total 262144K, used 107721K [0x0000000080000000, 0x0000000100000000)
  region size 1024K, 63 young (64512K), 9 survivors (9216K)
 Metaspace       used 69596K, capacity 71156K, committed 71432K, reserved 1112064K
  class space    used 8934K, capacity 9521K, committed 9656K, reserved 1048576K
Heap Regions: E=young(eden), S=young(survivor), O=old, HS=humongous(starts), HC=humongous(continues), CS=collection set, F=free, A=archive, TAMS=top-at-mark-start (previous, next)
|   0|0x0000000080000000, 0x0000000080100000, 0x0000000080100000|100%|HS|  |TAMS 0x0000000080100000, 0x0000000080000000| Complete 
|   1|0x0000000080100000, 0x0000000080200000, 0x0000000080200000|100%|HC|  |TAMS 0x0000000080200000, 0x0000000080100000| Complete 
|   2|0x0000000080200000, 0x0000000080300000, 0x0000000080300000|100%|HC|  |TAMS 0x0000000080300000, 0x0000000080200000| Complete 
|   3|0x0000000080300000, 0x0000000080400000, 0x0000000080400000|100%| O|  |TAMS 0x0000000080400000, 0x0000000080300000| Untracked 
|   4|0x0000000080400000, 0x0000000080500000, 0x0000000080500000|100%| O|  |TAMS 0x0000000080500000, 0x0000000080400000| Untracked 
|   5|0x0000000080500000, 0x0000000080600000, 0x0000000080600000|100%| O|  |TAMS 0x0000000080600000, 0x0000000080500000| Untracked 
|   6|0x0000000080600000, 0x0000000080700000, 0x0000000080700000|100%| O|  |TAMS 0x0000000080700000, 0x0000000080600000| Untracked 
|   7|0x0000000080700000, 0x0000000080800000, 0x0000000080800000|100%| O|  |TAMS 0x0000000080800000, 0x0000000080700000| Untracked 
|   8|0x0000000080800000, 0x0000000080900000, 0x0000000080900000|100%| O|  |TAMS 0x0000000080900000, 0x0000000080800000| Untracked 
|   9|0x0000000080900000, 0x0000000080a00000, 0x0000000080a00000|100%| O|  |TAMS 0x0000000080a00000, 0x0000000080900000| Untracked 
|  10|0x0000000080a00000, 0x0000000080b00000, 0x0000000080b00000|100%| O|  |TAMS 0x0000000080b00000, 0x0000000080a00000| Untracked 
|  11|0x0000000080b00000, 0x0000000080c00000, 0x0000000080c00000|100%| O|  |TAMS 0x0000000080c00000, 0x0000000080b00000| Untracked 
|  12|0x0000000080c00000, 0x0000000080d00000, 0x0000000080d00000|100%| O|  |TAMS 0x0000000080d00000, 0x0000000080c00000| Untracked 
|  13|0x0000000080d00000, 0x0000000080e00000, 0x0000000080e00000|100%| O|  |TAMS 0x0000000080e00000, 0x0000000080d00000| Untracked 
|  14|0x0000000080e00000, 0x0000000080f00000, 0x0000000080f00000|100%| O|  |TAMS 0x0000000080f00000, 0x0000000080e00000| Untracked 
|  15|0x0000000080f00000, 0x0000000081000000, 0x0000000081000000|100%| O|  |TAMS 0x0000000081000000, 0x0000000080f00000| Untracked 
|  16|0x0000000081000000, 0x0000000081100000, 0x0000000081100000|100%| O|  |TAMS 0x0000000081100000, 0x0000000081000000| Untracked 
|  17|0x0000000081100000, 0x0000000081200000, 0x0000000081200000|100%|HS|  |TAMS 0x0000000081200000, 0x0000000081100000| Complete 
|  18|0x0000000081200000, 0x0000000081300000, 0x0000000081300000|100%|HS|  |TAMS 0x0000000081300000, 0x0000000081200000| Complete 
|  19|0x0000000081300000, 0x0000000081400000, 0x0000000081400000|100%| O|  |TAMS 0x0000000081400000, 0x0000000081300000| Untracked 
|  20|0x0000000081400000, 0x0000000081500000, 0x0000000081500000|100%|HS|  |TAMS 0x0000000081500000, 0x0000000081400000| Complete 
|  21|0x0000000081500000, 0x0000000081600000, 0x0000000081600000|100%|HC|  |TAMS 0x0000000081600000, 0x0000000081500000| Complete 
|  22|0x0000000081600000, 0x0000000081700000, 0x0000000081700000|100%| O|  |TAMS 0x0000000081700000, 0x0000000081600000| Untracked 
|  23|0x0000000081700000, 0x0000000081800000, 0x0000000081800000|100%| O|  |TAMS 0x0000000081800000, 0x0000000081700000| Untracked 
|  24|0x0000000081800000, 0x0000000081900000, 0x0000000081900000|100%| O|  |TAMS 0x0000000081900000, 0x0000000081800000| Untracked 
|  25|0x0000000081900000, 0x0000000081a00000, 0x0000000081a00000|100%| O|  |TAMS 0x0000000081a00000, 0x0000000081900000| Untracked 
|  26|0x0000000081a00000, 0x0000000081b00000, 0x0000000081b00000|100%| O|  |TAMS 0x0000000081b00000, 0x0000000081a00000| Untracked 
|  27|0x0000000081b00000, 0x0000000081c00000, 0x0000000081c00000|100%| O|  |TAMS 0x0000000081c00000, 0x0000000081b00000| Untracked 
|  28|0x0000000081c00000, 0x0000000081d00000, 0x0000000081d00000|100%| O|  |TAMS 0x0000000081d00000, 0x0000000081c00000| Untracked 
|  29|0x0000000081d00000, 0x0000000081e00000, 0x0000000081e00000|100%| O|  |TAMS 0x0000000081e00000, 0x0000000081d00000| Untracked 
|  30|0x0000000081e00000, 0x0000000081f00000, 0x0000000081f00000|100%| O|  |TAMS 0x0000000081f00000, 0x0000000081e00000| Untracked 
|  31|0x0000000081f00000, 0x0000000082000000, 0x0000000082000000|100%| O|  |TAMS 0x0000000082000000, 0x0000000081f00000| Untracked 
|  32|0x0000000082000000, 0x0000000082100000, 0x0000000082100000|100%| O|  |TAMS 0x0000000082100000, 0x0000000082000000| Untracked 
|  33|0x0000000082100000, 0x0000000082200000, 0x0000000082200000|100%| O|  |TAMS 0x0000000082200000, 0x0000000082100000| Untracked 
|  34|0x0000000082200000, 0x0000000082300000, 0x0000000082300000|100%| O|  |TAMS 0x0000000082300000, 0x0000000082200000| Untracked 
|  35|0x0000000082300000, 0x0000000082400000, 0x0000000082400000|100%| O|  |TAMS 0x0000000082400000, 0x0000000082300000| Untracked 
|  36|0x0000000082400000, 0x0000000082500000, 0x0000000082500000|100%| O|  |TAMS 0x0000000082500000, 0x0000000082400000| Untracked 
|  37|0x0000000082500000, 0x0000000082600000, 0x0000000082600000|100%| O|  |TAMS 0x0000000082600000, 0x0000000082500000| Untracked 
|  38|0x0000000082600000, 0x0000000082700000, 0x0000000082700000|100%| O|  |TAMS 0x0000000082700000, 0x0000000082600000| Untracked 
|  39|0x0000000082700000, 0x0000000082800000, 0x0000000082800000|100%| O|  |TAMS 0x0000000082800000, 0x0000000082700000| Untracked 
|  40|0x0000000082800000, 0x0000000082900000, 0x0000000082900000|100%| O|  |TAMS 0x0000000082900000, 0x0000000082800000| Untracked 
|  41|0x0000000082900000, 0x0000000082a00000, 0x0000000082a00000|100%| O|  |TAMS 0x0000000082a00000, 0x0000000082900000| Untracked 
|  42|0x0000000082a00000, 0x0000000082b00000, 0x0000000082b00000|100%| O|  |TAMS 0x0000000082b00000, 0x0000000082a00000| Untracked 
|  43|0x0000000082b00000, 0x0000000082b32600, 0x0000000082c00000| 19%| O|  |TAMS 0x0000000082b32600, 0x0000000082b00000| Untracked 
|  44|0x0000000082c00000, 0x0000000082c00000, 0x0000000082d00000|  0%| F|  |TAMS 0x0000000082c00000, 0x0000000082c00000| Untracked 
|  45|0x0000000082d00000, 0x0000000082d00000, 0x0000000082e00000|  0%| F|  |TAMS 0x0000000082d00000, 0x0000000082d00000| Untracked 
|  46|0x0000000082e00000, 0x0000000082e00000, 0x0000000082f00000|  0%| F|  |TAMS 0x0000000082e00000, 0x0000000082e00000| Untracked 
|  47|0x0000000082f00000, 0x0000000082f00000, 0x0000000083000000|  0%| F|  |TAMS 0x0000000082f00000, 0x0000000082f00000| Untracked 
|  48|0x0000000083000000, 0x0000000083000000, 0x0000000083100000|  0%| F|  |TAMS 0x0000000083000000, 0x0000000083000000| Untracked 
|  49|0x0000000083100000, 0x0000000083100000, 0x0000000083200000|  0%| F|  |TAMS 0x0000000083100000, 0x0000000083100000| Untracked 
|  50|0x0000000083200000, 0x0000000083200000, 0x0000000083300000|  0%| F|  |TAMS 0x0000000083200000, 0x0000000083200000| Untracked 
|  51|0x0000000083300000, 0x0000000083300000, 0x0000000083400000|  0%| F|  |TAMS 0x0000000083300000, 0x0000000083300000| Untracked 
|  52|0x0000000083400000, 0x0000000083400000, 0x0000000083500000|  0%| F|  |TAMS 0x0000000083400000, 0x0000000083400000| Untracked 
|  53|0x0000000083500000, 0x0000000083500000, 0x0000000083600000|  0%| F|  |TAMS 0x0000000083500000, 0x0000000083500000| Untracked 
|  54|0x0000000083600000, 0x0000000083600000, 0x0000000083700000|  0%| F|  |TAMS 0x0000000083600000, 0x0000000083600000| Untracked 
|  55|0x0000000083700000, 0x0000000083700000, 0x0000000083800000|  0%| F|  |TAMS 0x0000000083700000, 0x0000000083700000| Untracked 
|  56|0x0000000083800000, 0x0000000083800000, 0x0000000083900000|  0%| F|  |TAMS 0x0000000083800000, 0x0000000083800000| Untracked 
|  57|0x0000000083900000, 0x0000000083900000, 0x0000000083a00000|  0%| F|  |TAMS 0x0000000083900000, 0x0000000083900000| Untracked 
|  58|0x0000000083a00000, 0x0000000083a00000, 0x0000000083b00000|  0%| F|  |TAMS 0x0000000083a00000, 0x0000000083a00000| Untracked 
|  59|0x0000000083b00000, 0x0000000083b00000, 0x0000000083c00000|  0%| F|  |TAMS 0x0000000083b00000, 0x0000000083b00000| Untracked 
|  60|0x0000000083c00000, 0x0000000083c00000, 0x0000000083d00000|  0%| F|  |TAMS 0x0000000083c00000, 0x0000000083c00000| Untracked 
|  61|0x0000000083d00000, 0x0000000083d00000, 0x0000000083e00000|  0%| F|  |TAMS 0x0000000083d00000, 0x0000000083d00000| Untracked 
|  62|0x0000000083e00000, 0x0000000083e00000, 0x0000000083f00000|  0%| F|  |TAMS 0x0000000083e00000, 0x0000000083e00000| Untracked 
|  63|0x0000000083f00000, 0x0000000083f00000, 0x0000000084000000|  0%| F|  |TAMS 0x0000000083f00000, 0x0000000083f00000| Untracked 
|  64|0x0000000084000000, 0x0000000084000000, 0x0000000084100000|  0%| F|  |TAMS 0x0000000084000000, 0x0000000084000000| Untracked 
|  65|0x0000000084100000, 0x0000000084100000, 0x0000000084200000|  0%| F|  |TAMS 0x0000000084100000, 0x0000000084100000| Untracked 
|  66|0x0000000084200000, 0x0000000084200000, 0x0000000084300000|  0%| F|  |TAMS 0x0000000084200000, 0x0000000084200000| Untracked 
|  67|0x0000000084300000, 0x0000000084300000, 0x0000000084400000|  0%| F|  |TAMS 0x0000000084300000, 0x0000000084300000| Untracked 
|  68|0x0000000084400000, 0x0000000084400000, 0x0000000084500000|  0%| F|  |TAMS 0x0000000084400000, 0x0000000084400000| Untracked 
|  69|0x0000000084500000, 0x0000000084500000, 0x0000000084600000|  0%| F|  |TAMS 0x0000000084500000, 0x0000000084500000| Untracked 
|  70|0x0000000084600000, 0x0000000084600000, 0x0000000084700000|  0%| F|  |TAMS 0x0000000084600000, 0x0000000084600000| Untracked 
|  71|0x0000000084700000, 0x0000000084700000, 0x0000000084800000|  0%| F|  |TAMS 0x0000000084700000, 0x0000000084700000| Untracked 
|  72|0x0000000084800000, 0x0000000084800000, 0x0000000084900000|  0%| F|  |TAMS 0x0000000084800000, 0x0000000084800000| Untracked 
|  73|0x0000000084900000, 0x0000000084900000, 0x0000000084a00000|  0%| F|  |TAMS 0x0000000084900000, 0x0000000084900000| Untracked 
|  74|0x0000000084a00000, 0x0000000084a00000, 0x0000000084b00000|  0%| F|  |TAMS 0x0000000084a00000, 0x0000000084a00000| Untracked 
|  75|0x0000000084b00000, 0x0000000084b00000, 0x0000000084c00000|  0%| F|  |TAMS 0x0000000084b00000, 0x0000000084b00000| Untracked 
|  76|0x0000000084c00000, 0x0000000084c00000, 0x0000000084d00000|  0%| F|  |TAMS 0x0000000084c00000, 0x0000000084c00000| Untracked 
|  77|0x0000000084d00000, 0x0000000084d00000, 0x0000000084e00000|  0%| F|  |TAMS 0x0000000084d00000, 0x0000000084d00000| Untracked 
|  78|0x0000000084e00000, 0x0000000084e00000, 0x0000000084f00000|  0%| F|  |TAMS 0x0000000084e00000, 0x0000000084e00000| Untracked 
|  79|0x0000000084f00000, 0x0000000084f00000, 0x0000000085000000|  0%| F|  |TAMS 0x0000000084f00000, 0x0000000084f00000| Untracked 
|  80|0x0000000085000000, 0x0000000085000000, 0x0000000085100000|  0%| F|  |TAMS 0x0000000085000000, 0x0000000085000000| Untracked 
|  81|0x0000000085100000, 0x0000000085100000, 0x0000000085200000|  0%| F|  |TAMS 0x0000000085100000, 0x0000000085100000| Untracked 
|  82|0x0000000085200000, 0x0000000085200000, 0x0000000085300000|  0%| F|  |TAMS 0x0000000085200000, 0x0000000085200000| Untracked 
|  83|0x0000000085300000, 0x0000000085300000, 0x0000000085400000|  0%| F|  |TAMS 0x0000000085300000, 0x0000000085300000| Untracked 
|  84|0x0000000085400000, 0x0000000085400000, 0x0000000085500000|  0%| F|  |TAMS 0x0000000085400000, 0x0000000085400000| Untracked 
|  85|0x0000000085500000, 0x0000000085500000, 0x0000000085600000|  0%| F|  |TAMS 0x0000000085500000, 0x0000000085500000| Untracked 
|  86|0x0000000085600000, 0x0000000085600000, 0x0000000085700000|  0%| F|  |TAMS 0x0000000085600000, 0x0000000085600000| Untracked 
|  87|0x0000000085700000, 0x0000000085700000, 0x0000000085800000|  0%| F|  |TAMS 0x0000000085700000, 0x0000000085700000| Untracked 
|  88|0x0000000085800000, 0x0000000085800000, 0x0000000085900000|  0%| F|  |TAMS 0x0000000085800000, 0x0000000085800000| Untracked 
|  89|0x0000000085900000, 0x0000000085900000, 0x0000000085a00000|  0%| F|  |TAMS 0x0000000085900000, 0x0000000085900000| Untracked 
|  90|0x0000000085a00000, 0x0000000085a00000, 0x0000000085b00000|  0%| F|  |TAMS 0x0000000085a00000, 0x0000000085a00000| Untracked 
|  91|0x0000000085b00000, 0x0000000085b00000, 0x0000000085c00000|  0%| F|  |TAMS 0x0000000085b00000, 0x0000000085b00000| Untracked 
|  92|0x0000000085c00000, 0x0000000085c00000, 0x0000000085d00000|  0%| F|  |TAMS 0x0000000085c00000, 0x0000000085c00000| Untracked 
|  93|0x0000000085d00000, 0x0000000085d00000, 0x0000000085e00000|  0%| F|  |TAMS 0x0000000085d00000, 0x0000000085d00000| Untracked 
|  94|0x0000000085e00000, 0x0000000085e00000, 0x0000000085f00000|  0%| F|  |TAMS 0x0000000085e00000, 0x0000000085e00000| Untracked 
|  95|0x0000000085f00000, 0x0000000085f00000, 0x0000000086000000|  0%| F|  |TAMS 0x0000000085f00000, 0x0000000085f00000| Untracked 
|  96|0x0000000086000000, 0x0000000086000000, 0x0000000086100000|  0%| F|  |TAMS 0x0000000086000000, 0x0000000086000000| Untracked 
|  97|0x0000000086100000, 0x0000000086100000, 0x0000000086200000|  0%| F|  |TAMS 0x0000000086100000, 0x0000000086100000| Untracked 
|  98|0x0000000086200000, 0x0000000086200000, 0x0000000086300000|  0%| F|  |TAMS 0x0000000086200000, 0x0000000086200000| Untracked 
|  99|0x0000000086300000, 0x0000000086300000, 0x0000000086400000|  0%| F|  |TAMS 0x0000000086300000, 0x0000000086300000| Untracked 
| 100|0x0000000086400000, 0x0000000086400000, 0x0000000086500000|  0%| F|  |TAMS 0x0000000086400000, 0x0000000086400000| Untracked 
| 101|0x0000000086500000, 0x0000000086500000, 0x0000000086600000|  0%| F|  |TAMS 0x0000000086500000, 0x0000000086500000| Untracked 
| 102|0x0000000086600000, 0x0000000086600000, 0x0000000086700000|  0%| F|  |TAMS 0x0000000086600000, 0x0000000086600000| Untracked 
| 103|0x0000000086700000, 0x0000000086700000, 0x0000000086800000|  0%| F|  |TAMS 0x0000000086700000, 0x0000000086700000| Untracked 
| 104|0x0000000086800000, 0x0000000086800000, 0x0000000086900000|  0%| F|  |TAMS 0x0000000086800000, 0x0000000086800000| Untracked 
| 105|0x0000000086900000, 0x0000000086900000, 0x0000000086a00000|  0%| F|  |TAMS 0x0000000086900000, 0x0000000086900000| Untracked 
| 106|0x0000000086a00000, 0x0000000086a00000, 0x0000000086b00000|  0%| F|  |TAMS 0x0000000086a00000, 0x0000000086a00000| Untracked 
| 107|0x0000000086b00000, 0x0000000086b00000, 0x0000000086c00000|  0%| F|  |TAMS 0x0000000086b00000, 0x0000000086b00000| Untracked 
| 108|0x0000000086c00000, 0x0000000086c00000, 0x0000000086d00000|  0%| F|  |TAMS 0x0000000086c00000, 0x0000000086c00000| Untracked 
| 109|0x0000000086d00000, 0x0000000086d00000, 0x0000000086e00000|  0%| F|  |TAMS 0x0000000086d00000, 0x0000000086d00000| Untracked 
| 110|0x0000000086e00000, 0x0000000086e00000, 0x0000000086f00000|  0%| F|  |TAMS 0x0000000086e00000, 0x0000000086e00000| Untracked 
| 111|0x0000000086f00000, 0x0000000086f00000, 0x0000000087000000|  0%| F|  |TAMS 0x0000000086f00000, 0x0000000086f00000| Untracked 
| 112|0x0000000087000000, 0x0000000087000000, 0x0000000087100000|  0%| F|  |TAMS 0x0000000087000000, 0x0000000087000000| Untracked 
| 113|0x0000000087100000, 0x0000000087100000, 0x0000000087200000|  0%| F|  |TAMS 0x0000000087100000, 0x0000000087100000| Untracked 
| 114|0x0000000087200000, 0x0000000087200000, 0x0000000087300000|  0%| F|  |TAMS 0x0000000087200000, 0x0000000087200000| Untracked 
| 115|0x0000000087300000, 0x0000000087300000, 0x0000000087400000|  0%| F|  |TAMS 0x0000000087300000, 0x0000000087300000| Untracked 
| 116|0x0000000087400000, 0x0000000087400000, 0x0000000087500000|  0%| F|  |TAMS 0x0000000087400000, 0x0000000087400000| Untracked 
| 117|0x0000000087500000, 0x0000000087500000, 0x0000000087600000|  0%| F|  |TAMS 0x0000000087500000, 0x0000000087500000| Untracked 
| 118|0x0000000087600000, 0x0000000087600000, 0x0000000087700000|  0%| F|  |TAMS 0x0000000087600000, 0x0000000087600000| Untracked 
| 119|0x0000000087700000, 0x0000000087700000, 0x0000000087800000|  0%| F|  |TAMS 0x0000000087700000, 0x0000000087700000| Untracked 
| 120|0x0000000087800000, 0x0000000087800000, 0x0000000087900000|  0%| F|  |TAMS 0x0000000087800000, 0x0000000087800000| Untracked 
| 121|0x0000000087900000, 0x0000000087900000, 0x0000000087a00000|  0%| F|  |TAMS 0x0000000087900000, 0x0000000087900000| Untracked 
| 122|0x0000000087a00000, 0x0000000087a00000, 0x0000000087b00000|  0%| F|  |TAMS 0x0000000087a00000, 0x0000000087a00000| Untracked 
| 123|0x0000000087b00000, 0x0000000087b00000, 0x0000000087c00000|  0%| F|  |TAMS 0x0000000087b00000, 0x0000000087b00000| Untracked 
| 124|0x0000000087c00000, 0x0000000087c00000, 0x0000000087d00000|  0%| F|  |TAMS 0x0000000087c00000, 0x0000000087c00000| Untracked 
| 125|0x0000000087d00000, 0x0000000087d00000, 0x0000000087e00000|  0%| F|  |TAMS 0x0000000087d00000, 0x0000000087d00000| Untracked 
| 126|0x0000000087e00000, 0x0000000087e00000, 0x0000000087f00000|  0%| F|  |TAMS 0x0000000087e00000, 0x0000000087e00000| Untracked 
| 127|0x0000000087f00000, 0x0000000087f00000, 0x0000000088000000|  0%| F|  |TAMS 0x0000000087f00000, 0x0000000087f00000| Untracked 
| 128|0x0000000088000000, 0x0000000088000000, 0x0000000088100000|  0%| F|  |TAMS 0x0000000088000000, 0x0000000088000000| Untracked 
| 129|0x0000000088100000, 0x0000000088100000, 0x0000000088200000|  0%| F|  |TAMS 0x0000000088100000, 0x0000000088100000| Untracked 
| 130|0x0000000088200000, 0x0000000088200000, 0x0000000088300000|  0%| F|  |TAMS 0x0000000088200000, 0x0000000088200000| Untracked 
| 131|0x0000000088300000, 0x0000000088300000, 0x0000000088400000|  0%| F|  |TAMS 0x0000000088300000, 0x0000000088300000| Untracked 
| 132|0x0000000088400000, 0x0000000088400000, 0x0000000088500000|  0%| F|  |TAMS 0x0000000088400000, 0x0000000088400000| Untracked 
| 133|0x0000000088500000, 0x0000000088500000, 0x0000000088600000|  0%| F|  |TAMS 0x0000000088500000, 0x0000000088500000| Untracked 
| 134|0x0000000088600000, 0x0000000088600000, 0x0000000088700000|  0%| F|  |TAMS 0x0000000088600000, 0x0000000088600000| Untracked 
| 135|0x0000000088700000, 0x0000000088700000, 0x0000000088800000|  0%| F|  |TAMS 0x0000000088700000, 0x0000000088700000| Untracked 
| 136|0x0000000088800000, 0x0000000088800000, 0x0000000088900000|  0%| F|  |TAMS 0x0000000088800000, 0x0000000088800000| Untracked 
| 137|0x0000000088900000, 0x0000000088900000, 0x0000000088a00000|  0%| F|  |TAMS 0x0000000088900000, 0x0000000088900000| Untracked 
| 138|0x0000000088a00000, 0x0000000088a00000, 0x0000000088b00000|  0%| F|  |TAMS 0x0000000088a00000, 0x0000000088a00000| Untracked 
| 139|0x0000000088b00000, 0x0000000088b00000, 0x0000000088c00000|  0%| F|  |TAMS 0x0000000088b00000, 0x0000000088b00000| Untracked 
| 140|0x0000000088c00000, 0x0000000088c00000, 0x0000000088d00000|  0%| F|  |TAMS 0x0000000088c00000, 0x0000000088c00000| Untracked 
| 141|0x0000000088d00000, 0x0000000088d00000, 0x0000000088e00000|  0%| F|  |TAMS 0x0000000088d00000, 0x0000000088d00000| Untracked 
| 142|0x0000000088e00000, 0x0000000088e00000, 0x0000000088f00000|  0%| F|  |TAMS 0x0000000088e00000, 0x0000000088e00000| Untracked 
| 143|0x0000000088f00000, 0x0000000088f00000, 0x0000000089000000|  0%| F|  |TAMS 0x0000000088f00000, 0x0000000088f00000| Untracked 
| 144|0x0000000089000000, 0x0000000089000000, 0x0000000089100000|  0%| F|  |TAMS 0x0000000089000000, 0x0000000089000000| Untracked 
| 145|0x0000000089100000, 0x0000000089100000, 0x0000000089200000|  0%| F|  |TAMS 0x0000000089100000, 0x0000000089100000| Untracked 
| 146|0x0000000089200000, 0x0000000089200000, 0x0000000089300000|  0%| F|  |TAMS 0x0000000089200000, 0x0000000089200000| Untracked 
| 147|0x0000000089300000, 0x0000000089400000, 0x0000000089400000|100%| S|CS|TAMS 0x0000000089300000, 0x0000000089300000| Complete 
| 148|0x0000000089400000, 0x0000000089500000, 0x0000000089500000|100%| S|CS|TAMS 0x0000000089400000, 0x0000000089400000| Complete 
| 149|0x0000000089500000, 0x0000000089600000, 0x0000000089600000|100%| S|CS|TAMS 0x0000000089500000, 0x0000000089500000| Complete 
| 150|0x0000000089600000, 0x0000000089700000, 0x0000000089700000|100%| S|CS|TAMS 0x0000000089600000, 0x0000000089600000| Complete 
| 151|0x0000000089700000, 0x0000000089800000, 0x0000000089800000|100%| S|CS|TAMS 0x0000000089700000, 0x0000000089700000| Complete 
| 152|0x0000000089800000, 0x0000000089900000, 0x0000000089900000|100%| S|CS|TAMS 0x0000000089800000, 0x0000000089800000| Complete 
| 153|0x0000000089900000, 0x0000000089a00000, 0x0000000089a00000|100%| S|CS|TAMS 0x0000000089900000, 0x0000000089900000| Complete 
| 154|0x0000000089a00000, 0x0000000089b00000, 0x0000000089b00000|100%| S|CS|TAMS 0x0000000089a00000, 0x0000000089a00000| Complete 
| 155|0x0000000089b00000, 0x0000000089c00000, 0x0000000089c00000|100%| S|CS|TAMS 0x0000000089b00000, 0x0000000089b00000| Complete 
| 156|0x0000000089c00000, 0x0000000089c00000, 0x0000000089d00000|  0%| F|  |TAMS 0x0000000089c00000, 0x0000000089c00000| Untracked 
| 157|0x0000000089d00000, 0x0000000089d00000, 0x0000000089e00000|  0%| F|  |TAMS 0x0000000089d00000, 0x0000000089d00000| Untracked 
| 158|0x0000000089e00000, 0x0000000089e00000, 0x0000000089f00000|  0%| F|  |TAMS 0x0000000089e00000, 0x0000000089e00000| Untracked 
| 159|0x0000000089f00000, 0x0000000089f00000, 0x000000008a000000|  0%| F|  |TAMS 0x0000000089f00000, 0x0000000089f00000| Untracked 
| 160|0x000000008a000000, 0x000000008a000000, 0x000000008a100000|  0%| F|  |TAMS 0x000000008a000000, 0x000000008a000000| Untracked 
| 161|0x000000008a100000, 0x000000008a100000, 0x000000008a200000|  0%| F|  |TAMS 0x000000008a100000, 0x000000008a100000| Untracked 
| 162|0x000000008a200000, 0x000000008a200000, 0x000000008a300000|  0%| F|  |TAMS 0x000000008a200000, 0x000000008a200000| Untracked 
| 163|0x000000008a300000, 0x000000008a300000, 0x000000008a400000|  0%| F|  |TAMS 0x000000008a300000, 0x000000008a300000| Untracked 
| 164|0x000000008a400000, 0x000000008a400000, 0x000000008a500000|  0%| F|  |TAMS 0x000000008a400000, 0x000000008a400000| Untracked 
| 165|0x000000008a500000, 0x000000008a500000, 0x000000008a600000|  0%| F|  |TAMS 0x000000008a500000, 0x000000008a500000| Untracked 
| 166|0x000000008a600000, 0x000000008a600000, 0x000000008a700000|  0%| F|  |TAMS 0x000000008a600000, 0x000000008a600000| Untracked 
| 167|0x000000008a700000, 0x000000008a700000, 0x000000008a800000|  0%| F|  |TAMS 0x000000008a700000, 0x000000008a700000| Untracked 
| 168|0x000000008a800000, 0x000000008a800000, 0x000000008a900000|  0%| F|  |TAMS 0x000000008a800000, 0x000000008a800000| Untracked 
| 169|0x000000008a900000, 0x000000008a900000, 0x000000008aa00000|  0%| F|  |TAMS 0x000000008a900000, 0x000000008a900000| Untracked 
| 170|0x000000008aa00000, 0x000000008aa00000, 0x000000008ab00000|  0%| F|  |TAMS 0x000000008aa00000, 0x000000008aa00000| Untracked 
| 171|0x000000008ab00000, 0x000000008ab00000, 0x000000008ac00000|  0%| F|  |TAMS 0x000000008ab00000, 0x000000008ab00000| Untracked 
| 172|0x000000008ac00000, 0x000000008ac00000, 0x000000008ad00000|  0%| F|  |TAMS 0x000000008ac00000, 0x000000008ac00000| Untracked 
| 173|0x000000008ad00000, 0x000000008ad00000, 0x000000008ae00000|  0%| F|  |TAMS 0x000000008ad00000, 0x000000008ad00000| Untracked 
| 174|0x000000008ae00000, 0x000000008ae00000, 0x000000008af00000|  0%| F|  |TAMS 0x000000008ae00000, 0x000000008ae00000| Untracked 
| 175|0x000000008af00000, 0x000000008af00000, 0x000000008b000000|  0%| F|  |TAMS 0x000000008af00000, 0x000000008af00000| Untracked 
| 176|0x000000008b000000, 0x000000008b000000, 0x000000008b100000|  0%| F|  |TAMS 0x000000008b000000, 0x000000008b000000| Untracked 
| 177|0x000000008b100000, 0x000000008b100000, 0x000000008b200000|  0%| F|  |TAMS 0x000000008b100000, 0x000000008b100000| Untracked 
| 178|0x000000008b200000, 0x000000008b200000, 0x000000008b300000|  0%| F|  |TAMS 0x000000008b200000, 0x000000008b200000| Untracked 
| 179|0x000000008b300000, 0x000000008b300000, 0x000000008b400000|  0%| F|  |TAMS 0x000000008b300000, 0x000000008b300000| Untracked 
| 180|0x000000008b400000, 0x000000008b400000, 0x000000008b500000|  0%| F|  |TAMS 0x000000008b400000, 0x000000008b400000| Untracked 
| 181|0x000000008b500000, 0x000000008b500000, 0x000000008b600000|  0%| F|  |TAMS 0x000000008b500000, 0x000000008b500000| Untracked 
| 182|0x000000008b600000, 0x000000008b600000, 0x000000008b700000|  0%| F|  |TAMS 0x000000008b600000, 0x000000008b600000| Untracked 
| 183|0x000000008b700000, 0x000000008b700000, 0x000000008b800000|  0%| F|  |TAMS 0x000000008b700000, 0x000000008b700000| Untracked 
| 184|0x000000008b800000, 0x000000008b800000, 0x000000008b900000|  0%| F|  |TAMS 0x000000008b800000, 0x000000008b800000| Untracked 
| 185|0x000000008b900000, 0x000000008b900000, 0x000000008ba00000|  0%| F|  |TAMS 0x000000008b900000, 0x000000008b900000| Untracked 
| 186|0x000000008ba00000, 0x000000008ba00000, 0x000000008bb00000|  0%| F|  |TAMS 0x000000008ba00000, 0x000000008ba00000| Untracked 
| 187|0x000000008bb00000, 0x000000008bb00000, 0x000000008bc00000|  0%| F|  |TAMS 0x000000008bb00000, 0x000000008bb00000| Untracked 
| 188|0x000000008bc00000, 0x000000008bc00000, 0x000000008bd00000|  0%| F|  |TAMS 0x000000008bc00000, 0x000000008bc00000| Untracked 
| 189|0x000000008bd00000, 0x000000008bd00000, 0x000000008be00000|  0%| F|  |TAMS 0x000000008bd00000, 0x000000008bd00000| Untracked 
| 190|0x000000008be00000, 0x000000008be00000, 0x000000008bf00000|  0%| F|  |TAMS 0x000000008be00000, 0x000000008be00000| Untracked 
| 191|0x000000008bf00000, 0x000000008bf00000, 0x000000008c000000|  0%| F|  |TAMS 0x000000008bf00000, 0x000000008bf00000| Untracked 
| 192|0x000000008c000000, 0x000000008c000000, 0x000000008c100000|  0%| F|  |TAMS 0x000000008c000000, 0x000000008c000000| Untracked 
| 193|0x000000008c100000, 0x000000008c100000, 0x000000008c200000|  0%| F|  |TAMS 0x000000008c100000, 0x000000008c100000| Untracked 
| 194|0x000000008c200000, 0x000000008c200000, 0x000000008c300000|  0%| F|  |TAMS 0x000000008c200000, 0x000000008c200000| Untracked 
| 195|0x000000008c300000, 0x000000008c300000, 0x000000008c400000|  0%| F|  |TAMS 0x000000008c300000, 0x000000008c300000| Untracked 
| 196|0x000000008c400000, 0x000000008c400000, 0x000000008c500000|  0%| F|  |TAMS 0x000000008c400000, 0x000000008c400000| Untracked 
| 197|0x000000008c500000, 0x000000008c500000, 0x000000008c600000|  0%| F|  |TAMS 0x000000008c500000, 0x000000008c500000| Untracked 
| 198|0x000000008c600000, 0x000000008c600000, 0x000000008c700000|  0%| F|  |TAMS 0x000000008c600000, 0x000000008c600000| Untracked 
| 199|0x000000008c700000, 0x000000008c700000, 0x000000008c800000|  0%| F|  |TAMS 0x000000008c700000, 0x000000008c700000| Untracked 
| 200|0x000000008c800000, 0x000000008c800000, 0x000000008c900000|  0%| F|  |TAMS 0x000000008c800000, 0x000000008c800000| Untracked 
| 201|0x000000008c900000, 0x000000008c900000, 0x000000008ca00000|  0%| F|  |TAMS 0x000000008c900000, 0x000000008c900000| Untracked 
| 202|0x000000008ca00000, 0x000000008cb00000, 0x000000008cb00000|100%| E|  |TAMS 0x000000008ca00000, 0x000000008ca00000| Complete 
| 203|0x000000008cb00000, 0x000000008cc00000, 0x000000008cc00000|100%| E|CS|TAMS 0x000000008cb00000, 0x000000008cb00000| Complete 
| 204|0x000000008cc00000, 0x000000008cd00000, 0x000000008cd00000|100%| E|CS|TAMS 0x000000008cc00000, 0x000000008cc00000| Complete 
| 205|0x000000008cd00000, 0x000000008ce00000, 0x000000008ce00000|100%| E|CS|TAMS 0x000000008cd00000, 0x000000008cd00000| Complete 
| 206|0x000000008ce00000, 0x000000008cf00000, 0x000000008cf00000|100%| E|CS|TAMS 0x000000008ce00000, 0x000000008ce00000| Complete 
| 207|0x000000008cf00000, 0x000000008d000000, 0x000000008d000000|100%| E|CS|TAMS 0x000000008cf00000, 0x000000008cf00000| Complete 
| 208|0x000000008d000000, 0x000000008d100000, 0x000000008d100000|100%| E|CS|TAMS 0x000000008d000000, 0x000000008d000000| Complete 
| 209|0x000000008d100000, 0x000000008d200000, 0x000000008d200000|100%| E|CS|TAMS 0x000000008d100000, 0x000000008d100000| Complete 
| 210|0x000000008d200000, 0x000000008d300000, 0x000000008d300000|100%| E|CS|TAMS 0x000000008d200000, 0x000000008d200000| Complete 
| 211|0x000000008d300000, 0x000000008d400000, 0x000000008d400000|100%| E|CS|TAMS 0x000000008d300000, 0x000000008d300000| Complete 
| 212|0x000000008d400000, 0x000000008d500000, 0x000000008d500000|100%| E|CS|TAMS 0x000000008d400000, 0x000000008d400000| Complete 
| 213|0x000000008d500000, 0x000000008d600000, 0x000000008d600000|100%| E|CS|TAMS 0x000000008d500000, 0x000000008d500000| Complete 
| 214|0x000000008d600000, 0x000000008d700000, 0x000000008d700000|100%| E|CS|TAMS 0x000000008d600000, 0x000000008d600000| Complete 
| 215|0x000000008d700000, 0x000000008d800000, 0x000000008d800000|100%| E|CS|TAMS 0x000000008d700000, 0x000000008d700000| Complete 
| 216|0x000000008d800000, 0x000000008d900000, 0x000000008d900000|100%| E|CS|TAMS 0x000000008d800000, 0x000000008d800000| Complete 
| 217|0x000000008d900000, 0x000000008da00000, 0x000000008da00000|100%| E|CS|TAMS 0x000000008d900000, 0x000000008d900000| Complete 
| 218|0x000000008da00000, 0x000000008db00000, 0x000000008db00000|100%| E|CS|TAMS 0x000000008da00000, 0x000000008da00000| Complete 
| 219|0x000000008db00000, 0x000000008dc00000, 0x000000008dc00000|100%| E|CS|TAMS 0x000000008db00000, 0x000000008db00000| Complete 
| 220|0x000000008dc00000, 0x000000008dd00000, 0x000000008dd00000|100%| E|CS|TAMS 0x000000008dc00000, 0x000000008dc00000| Complete 
| 221|0x000000008dd00000, 0x000000008de00000, 0x000000008de00000|100%| E|CS|TAMS 0x000000008dd00000, 0x000000008dd00000| Complete 
| 222|0x000000008de00000, 0x000000008df00000, 0x000000008df00000|100%| E|CS|TAMS 0x000000008de00000, 0x000000008de00000| Complete 
| 223|0x000000008df00000, 0x000000008e000000, 0x000000008e000000|100%| E|CS|TAMS 0x000000008df00000, 0x000000008df00000| Complete 
| 224|0x000000008e000000, 0x000000008e100000, 0x000000008e100000|100%| E|CS|TAMS 0x000000008e000000, 0x000000008e000000| Complete 
| 225|0x000000008e100000, 0x000000008e200000, 0x000000008e200000|100%| E|CS|TAMS 0x000000008e100000, 0x000000008e100000| Complete 
| 226|0x000000008e200000, 0x000000008e300000, 0x000000008e300000|100%| E|CS|TAMS 0x000000008e200000, 0x000000008e200000| Complete 
| 227|0x000000008e300000, 0x000000008e400000, 0x000000008e400000|100%| E|CS|TAMS 0x000000008e300000, 0x000000008e300000| Complete 
| 228|0x000000008e400000, 0x000000008e500000, 0x000000008e500000|100%| E|CS|TAMS 0x000000008e400000, 0x000000008e400000| Complete 
| 229|0x000000008e500000, 0x000000008e600000, 0x000000008e600000|100%| E|CS|TAMS 0x000000008e500000, 0x000000008e500000| Complete 
| 230|0x000000008e600000, 0x000000008e700000, 0x000000008e700000|100%| E|CS|TAMS 0x000000008e600000, 0x000000008e600000| Complete 
| 231|0x000000008e700000, 0x000000008e800000, 0x000000008e800000|100%| E|CS|TAMS 0x000000008e700000, 0x000000008e700000| Complete 
| 232|0x000000008e800000, 0x000000008e900000, 0x000000008e900000|100%| E|CS|TAMS 0x000000008e800000, 0x000000008e800000| Complete 
| 233|0x000000008e900000, 0x000000008ea00000, 0x000000008ea00000|100%| E|CS|TAMS 0x000000008e900000, 0x000000008e900000| Complete 
| 234|0x000000008ea00000, 0x000000008eb00000, 0x000000008eb00000|100%| E|CS|TAMS 0x000000008ea00000, 0x000000008ea00000| Complete 
| 235|0x000000008eb00000, 0x000000008ec00000, 0x000000008ec00000|100%| E|CS|TAMS 0x000000008eb00000, 0x000000008eb00000| Complete 
| 236|0x000000008ec00000, 0x000000008ed00000, 0x000000008ed00000|100%| E|CS|TAMS 0x000000008ec00000, 0x000000008ec00000| Complete 
| 237|0x000000008ed00000, 0x000000008ee00000, 0x000000008ee00000|100%| E|CS|TAMS 0x000000008ed00000, 0x000000008ed00000| Complete 
| 238|0x000000008ee00000, 0x000000008ef00000, 0x000000008ef00000|100%| E|CS|TAMS 0x000000008ee00000, 0x000000008ee00000| Complete 
| 239|0x000000008ef00000, 0x000000008f000000, 0x000000008f000000|100%| E|CS|TAMS 0x000000008ef00000, 0x000000008ef00000| Complete 
| 240|0x000000008f000000, 0x000000008f100000, 0x000000008f100000|100%| E|CS|TAMS 0x000000008f000000, 0x000000008f000000| Complete 
| 241|0x000000008f100000, 0x000000008f200000, 0x000000008f200000|100%| E|CS|TAMS 0x000000008f100000, 0x000000008f100000| Complete 
| 242|0x000000008f200000, 0x000000008f300000, 0x000000008f300000|100%| E|CS|TAMS 0x000000008f200000, 0x000000008f200000| Complete 
| 243|0x000000008f300000, 0x000000008f400000, 0x000000008f400000|100%| E|CS|TAMS 0x000000008f300000, 0x000000008f300000| Complete 
| 244|0x000000008f400000, 0x000000008f500000, 0x000000008f500000|100%| E|CS|TAMS 0x000000008f400000, 0x000000008f400000| Complete 
| 245|0x000000008f500000, 0x000000008f600000, 0x000000008f600000|100%| E|CS|TAMS 0x000000008f500000, 0x000000008f500000| Complete 
| 246|0x000000008f600000, 0x000000008f700000, 0x000000008f700000|100%| E|CS|TAMS 0x000000008f600000, 0x000000008f600000| Complete 
| 247|0x000000008f700000, 0x000000008f800000, 0x000000008f800000|100%| E|CS|TAMS 0x000000008f700000, 0x000000008f700000| Complete 
| 248|0x000000008f800000, 0x000000008f900000, 0x000000008f900000|100%| E|CS|TAMS 0x000000008f800000, 0x000000008f800000| Complete 
| 249|0x000000008f900000, 0x000000008fa00000, 0x000000008fa00000|100%| E|CS|TAMS 0x000000008f900000, 0x000000008f900000| Complete 
| 250|0x000000008fa00000, 0x000000008fb00000, 0x000000008fb00000|100%| E|CS|TAMS 0x000000008fa00000, 0x000000008fa00000| Complete 
| 251|0x000000008fb00000, 0x000000008fc00000, 0x000000008fc00000|100%| E|CS|TAMS 0x000000008fb00000, 0x000000008fb00000| Complete 
| 252|0x000000008fc00000, 0x000000008fd00000, 0x000000008fd00000|100%| E|CS|TAMS 0x000000008fc00000, 0x000000008fc00000| Complete 
| 253|0x000000008fd00000, 0x000000008fe00000, 0x000000008fe00000|100%| E|CS|TAMS 0x000000008fd00000, 0x000000008fd00000| Complete 
| 254|0x000000008fe00000, 0x000000008ff00000, 0x000000008ff00000|100%| E|CS|TAMS 0x000000008fe00000, 0x000000008fe00000| Complete 
| 255|0x000000008ff00000, 0x0000000090000000, 0x0000000090000000|100%| E|CS|TAMS 0x000000008ff00000, 0x000000008ff00000| Complete 

Card table byte_map: [0x0000025afc7d0000,0x0000025afcbd0000] _byte_map_base: 0x0000025afc3d0000

Marking Bits (Prev, Next): (CMBitMap*) 0x0000025af88efe30, (CMBitMap*) 0x0000025af88efdf8
 Prev Bits: [0x0000025a8f000000, 0x0000025a91000000)
 Next Bits: [0x0000025afcfd0000, 0x0000025afefd0000)

Polling page: 0x0000025af8090000

Metaspace:

Usage:
  Non-class:     60.19 MB capacity,    59.24 MB ( 98%) used,   803.82 KB (  1%) free+waste,   168.38 KB ( <1%) overhead. 
      Class:      9.30 MB capacity,     8.72 MB ( 94%) used,   508.95 KB (  5%) free+waste,    77.94 KB ( <1%) overhead. 
       Both:     69.49 MB capacity,    67.97 MB ( 98%) used,     1.28 MB (  2%) free+waste,   246.31 KB ( <1%) overhead. 

Virtual space:
  Non-class space:       62.00 MB reserved,      60.33 MB ( 97%) committed 
      Class space:        1.00 GB reserved,       9.43 MB ( <1%) committed 
             Both:        1.06 GB reserved,      69.76 MB (  6%) committed 

Chunk freelists:
   Non-Class:  13.00 KB
       Class:  15.00 KB
        Both:  28.00 KB

MaxMetaspaceSize: 17179869184.00 GB
CompressedClassSpaceSize: 1.00 GB
Initial GC threshold: 20.80 MB
Current GC threshold: 98.55 MB
CDS: off

CodeHeap 'non-profiled nmethods': size=120064Kb used=4432Kb max_used=4432Kb free=115631Kb
 bounds [0x0000025a87ac0000, 0x0000025a87f20000, 0x0000025a8f000000]
CodeHeap 'profiled nmethods': size=120000Kb used=15228Kb max_used=15228Kb free=104771Kb
 bounds [0x0000025a80590000, 0x0000025a81470000, 0x0000025a87ac0000]
CodeHeap 'non-nmethods': size=5696Kb used=2349Kb max_used=2386Kb free=3347Kb
 bounds [0x0000025a80000000, 0x0000025a80270000, 0x0000025a80590000]
 total_blobs=7760 nmethods=6896 adapters=776
 compilation: enabled
              stopped_count=0, restarted_count=0
 full_count=0

Compilation events (20 events):
Event: 62.462 Thread 0x0000025a9309f000 nmethod 6876 0x0000025a87f10690 code [0x0000025a87f10840, 0x0000025a87f108f8]
Event: 62.468 Thread 0x0000025a9309f000 6877       3       org.gradle.api.internal.model.DefaultObjectFactory::directoryProperty (10 bytes)
Event: 62.468 Thread 0x0000025a9309f000 nmethod 6877 0x0000025a8145d090 code [0x0000025a8145d280, 0x0000025a8145d688]
Event: 62.471 Thread 0x0000025a9309f000 6879       3       org.gradle.api.internal.provider.ValueSanitizers$1::sanitize (14 bytes)
Event: 62.471 Thread 0x0000025a9309f000 nmethod 6879 0x0000025a8145d890 code [0x0000025a8145da60, 0x0000025a8145dd68]
Event: 62.472 Thread 0x0000025a9309f000 6880       3       java.util.concurrent.atomic.AtomicBoolean::compareAndSet (26 bytes)
Event: 62.472 Thread 0x0000025a9309f000 nmethod 6880 0x0000025a8145de10 code [0x0000025a8145e040, 0x0000025a8145e698]
Event: 62.473 Thread 0x0000025a9309f000 6881       1       com.android.build.gradle.internal.core.VariantDslInfoImpl::getComponentType (5 bytes)
Event: 62.473 Thread 0x0000025a9309f000 nmethod 6881 0x0000025a87f10990 code [0x0000025a87f10b40, 0x0000025a87f10bf8]
Event: 62.473 Thread 0x0000025a9309f000 6882       3       java.util.LinkedHashMap$LinkedHashIterator::remove (75 bytes)
Event: 62.473 Thread 0x0000025a9309f000 nmethod 6882 0x0000025a8145e910 code [0x0000025a8145eb00, 0x0000025a8145eec8]
Event: 62.475 Thread 0x0000025a9309f000 6883   !   3       kotlin.SynchronizedLazyImpl::getValue (97 bytes)
Event: 62.476 Thread 0x0000025a9309f000 nmethod 6883 0x0000025a8145f090 code [0x0000025a8145f2e0, 0x0000025a8145fc18]
Event: 62.479 Thread 0x0000025a9309f000 6884       3       com.android.build.api.artifact.impl.StorageProviderImpl$directory$1::invoke (9 bytes)
Event: 62.480 Thread 0x0000025a9309f000 nmethod 6884 0x0000025a81460010 code [0x0000025a81460280, 0x0000025a81460b78]
Event: 62.481 Thread 0x0000025a9309f000 6885       3       org.gradle.api.internal.provider.Collectors$ElementFromProvider::<init> (10 bytes)
Event: 62.481 Thread 0x0000025a9309f000 nmethod 6885 0x0000025a81460e90 code [0x0000025a81461040, 0x0000025a814611f8]
Event: 62.486 Thread 0x0000025a9309f000 6886       3       org.gradle.api.internal.MutationGuards$1::withMutationDisabled (2 bytes)
Event: 62.486 Thread 0x0000025a9309f000 nmethod 6886 0x0000025a81461290 code [0x0000025a81461440, 0x0000025a81461538]
Event: 62.486 Thread 0x0000025a9309f000 6887       3       org.gradle.api.internal.DefaultNamedDomainObjectCollection$AbstractDomainObjectCreatingProvider::configure (83 bytes)

GC Heap History (16 events):
Event: 2.697 GC heap before
{Heap before GC invocations=0 (full 0):
 garbage-first heap   total 262144K, used 16384K [0x0000000080000000, 0x0000000100000000)
  region size 1024K, 14 young (14336K), 0 survivors (0K)
 Metaspace       used 6768K, capacity 6985K, committed 7168K, reserved 1056768K
  class space    used 576K, capacity 650K, committed 768K, reserved 1048576K
}
Event: 2.714 GC heap after
{Heap after GC invocations=1 (full 0):
 garbage-first heap   total 262144K, used 3954K [0x0000000080000000, 0x0000000100000000)
  region size 1024K, 2 young (2048K), 2 survivors (2048K)
 Metaspace       used 6768K, capacity 6985K, committed 7168K, reserved 1056768K
  class space    used 576K, capacity 650K, committed 768K, reserved 1048576K
}
Event: 31.221 GC heap before
{Heap before GC invocations=1 (full 0):
 garbage-first heap   total 262144K, used 121714K [0x0000000080000000, 0x0000000100000000)
  region size 1024K, 115 young (117760K), 2 survivors (2048K)
 Metaspace       used 20815K, capacity 21232K, committed 21296K, reserved 1069056K
  class space    used 2519K, capacity 2681K, committed 2688K, reserved 1048576K
}
Event: 31.234 GC heap after
{Heap after GC invocations=2 (full 0):
 garbage-first heap   total 262144K, used 17288K [0x0000000080000000, 0x0000000100000000)
  region size 1024K, 13 young (13312K), 13 survivors (13312K)
 Metaspace       used 20815K, capacity 21232K, committed 21296K, reserved 1069056K
  class space    used 2519K, capacity 2681K, committed 2688K, reserved 1048576K
}
Event: 31.910 GC heap before
{Heap before GC invocations=3 (full 0):
 garbage-first heap   total 262144K, used 37768K [0x0000000080000000, 0x0000000100000000)
  region size 1024K, 34 young (34816K), 13 survivors (13312K)
 Metaspace       used 22751K, capacity 23325K, committed 23472K, reserved 1069056K
  class space    used 2864K, capacity 3065K, committed 3072K, reserved 1048576K
}
Event: 31.922 GC heap after
{Heap after GC invocations=4 (full 0):
 garbage-first heap   total 262144K, used 17873K [0x0000000080000000, 0x0000000100000000)
  region size 1024K, 1 young (1024K), 1 survivors (1024K)
 Metaspace       used 22751K, capacity 23325K, committed 23472K, reserved 1069056K
  class space    used 2864K, capacity 3065K, committed 3072K, reserved 1048576K
}
Event: 35.433 GC heap before
{Heap before GC invocations=4 (full 0):
 garbage-first heap   total 262144K, used 111057K [0x0000000080000000, 0x0000000100000000)
  region size 1024K, 93 young (95232K), 1 survivors (1024K)
 Metaspace       used 35066K, capacity 35822K, committed 35920K, reserved 1081344K
  class space    used 4492K, capacity 4790K, committed 4864K, reserved 1048576K
}
Event: 35.445 GC heap after
{Heap after GC invocations=5 (full 0):
 garbage-first heap   total 262144K, used 22299K [0x0000000080000000, 0x0000000100000000)
  region size 1024K, 6 young (6144K), 6 survivors (6144K)
 Metaspace       used 35066K, capacity 35822K, committed 35920K, reserved 1081344K
  class space    used 4492K, capacity 4790K, committed 4864K, reserved 1048576K
}
Event: 39.790 GC heap before
{Heap before GC invocations=6 (full 0):
 garbage-first heap   total 262144K, used 138011K [0x0000000080000000, 0x0000000100000000)
  region size 1024K, 116 young (118784K), 6 survivors (6144K)
 Metaspace       used 44599K, capacity 45696K, committed 45776K, reserved 1089536K
  class space    used 5619K, capacity 5998K, committed 6016K, reserved 1048576K
}
Event: 39.807 GC heap after
{Heap after GC invocations=7 (full 0):
 garbage-first heap   total 262144K, used 29608K [0x0000000080000000, 0x0000000100000000)
  region size 1024K, 13 young (13312K), 13 survivors (13312K)
 Metaspace       used 44599K, capacity 45696K, committed 45776K, reserved 1089536K
  class space    used 5619K, capacity 5998K, committed 6016K, reserved 1048576K
}
Event: 54.602 GC heap before
{Heap before GC invocations=7 (full 0):
 garbage-first heap   total 262144K, used 159656K [0x0000000080000000, 0x0000000100000000)
  region size 1024K, 135 young (138240K), 13 survivors (13312K)
 Metaspace       used 53893K, capacity 55195K, committed 55248K, reserved 1097728K
  class space    used 6794K, capacity 7274K, committed 7296K, reserved 1048576K
}
Event: 54.630 GC heap after
{Heap after GC invocations=8 (full 0):
 garbage-first heap   total 262144K, used 43850K [0x0000000080000000, 0x0000000100000000)
  region size 1024K, 17 young (17408K), 17 survivors (17408K)
 Metaspace       used 53893K, capacity 55195K, committed 55248K, reserved 1097728K
  class space    used 6794K, capacity 7274K, committed 7296K, reserved 1048576K
}
Event: 56.494 GC heap before
{Heap before GC invocations=8 (full 0):
 garbage-first heap   total 262144K, used 75594K [0x0000000080000000, 0x0000000100000000)
  region size 1024K, 49 young (50176K), 17 survivors (17408K)
 Metaspace       used 58801K, capacity 60207K, committed 60296K, reserved 1101824K
  class space    used 7391K, capacity 7939K, committed 7992K, reserved 1048576K
}
Event: 56.527 GC heap after
{Heap after GC invocations=9 (full 0):
 garbage-first heap   total 262144K, used 46281K [0x0000000080000000, 0x0000000100000000)
  region size 1024K, 2 young (2048K), 2 survivors (2048K)
 Metaspace       used 58801K, capacity 60207K, committed 60296K, reserved 1101824K
  class space    used 7391K, capacity 7939K, committed 7992K, reserved 1048576K
}
Event: 60.935 GC heap before
{Heap before GC invocations=10 (full 0):
 garbage-first heap   total 262144K, used 153801K [0x0000000080000000, 0x0000000100000000)
  region size 1024K, 100 young (102400K), 2 survivors (2048K)
 Metaspace       used 65406K, capacity 66964K, committed 67080K, reserved 1107968K
  class space    used 8240K, capacity 8809K, committed 8888K, reserved 1048576K
}
Event: 60.949 GC heap after
{Heap after GC invocations=11 (full 0):
 garbage-first heap   total 262144K, used 53449K [0x0000000080000000, 0x0000000100000000)
  region size 1024K, 9 young (9216K), 9 survivors (9216K)
 Metaspace       used 65406K, capacity 66964K, committed 67080K, reserved 1107968K
  class space    used 8240K, capacity 8809K, committed 8888K, reserved 1048576K
}

Deoptimization events (20 events):
Event: 60.793 Thread 0x0000025a9526d000 Uncommon trap: trap_request=0xffffff4d fr.pc=0x0000025a87c54400 relative=0x0000000000000340
Event: 60.793 Thread 0x0000025a9526d000 Uncommon trap: reason=unstable_if action=reinterpret pc=0x0000025a87c54400 method=java.util.StringJoiner.add(Ljava/lang/CharSequence;)Ljava/util/StringJoiner; @ 33 c2
Event: 60.793 Thread 0x0000025a9526d000 DEOPT PACKING pc=0x0000025a87c54400 sp=0x000000d78f2f5d90
Event: 60.793 Thread 0x0000025a9526d000 DEOPT UNPACKING pc=0x0000025a8004a1af sp=0x000000d78f2f5d40 mode 2
Event: 61.097 Thread 0x0000025a9526d000 Uncommon trap: trap_request=0xfffffff4 fr.pc=0x0000025a87ed5a10 relative=0x0000000000002950
Event: 61.097 Thread 0x0000025a9526d000 Uncommon trap: reason=null_check action=make_not_entrant pc=0x0000025a87ed5a10 method=java.lang.PublicMethods$MethodList.getMostSpecific()Ljava/lang/reflect/Method; @ 41 c2
Event: 61.097 Thread 0x0000025a9526d000 DEOPT PACKING pc=0x0000025a87ed5a10 sp=0x000000d78f2f38b0
Event: 61.097 Thread 0x0000025a9526d000 DEOPT UNPACKING pc=0x0000025a8004a1af sp=0x000000d78f2f37b0 mode 2
Event: 61.174 Thread 0x0000025a9526d000 Uncommon trap: trap_request=0xffffff4d fr.pc=0x0000025a87cf31b8 relative=0x0000000000000f38
Event: 61.174 Thread 0x0000025a9526d000 Uncommon trap: reason=unstable_if action=reinterpret pc=0x0000025a87cf31b8 method=org.codehaus.groovy.runtime.metaclass.MetaMethodIndex.isOverridden(Lgroovy/lang/MetaMethod;Lgroovy/lang/MetaMethod;)Z @ 33 c2
Event: 61.174 Thread 0x0000025a9526d000 DEOPT PACKING pc=0x0000025a87cf31b8 sp=0x000000d78f2f4c20
Event: 61.174 Thread 0x0000025a9526d000 DEOPT UNPACKING pc=0x0000025a8004a1af sp=0x000000d78f2f4b78 mode 2
Event: 61.183 Thread 0x0000025a9526d000 Uncommon trap: trap_request=0xfffffff4 fr.pc=0x0000025a87ed1d90 relative=0x0000000000000970
Event: 61.183 Thread 0x0000025a9526d000 Uncommon trap: reason=null_check action=make_not_entrant pc=0x0000025a87ed1d90 method=com.sun.beans.introspect.MethodInfo$MethodOrder.compare(Ljava/lang/reflect/Method;Ljava/lang/reflect/Method;)I @ 133 c2
Event: 61.183 Thread 0x0000025a9526d000 DEOPT PACKING pc=0x0000025a87ed1d90 sp=0x000000d78f2f2970
Event: 61.183 Thread 0x0000025a9526d000 DEOPT UNPACKING pc=0x0000025a8004a1af sp=0x000000d78f2f2910 mode 2
Event: 62.096 Thread 0x0000025a9526d000 Uncommon trap: trap_request=0xffffff4d fr.pc=0x0000025a87d7ac48 relative=0x0000000000000268
Event: 62.096 Thread 0x0000025a9526d000 Uncommon trap: reason=unstable_if action=reinterpret pc=0x0000025a87d7ac48 method=java.io.WinNTFileSystem.prefixLength(Ljava/lang/String;)I @ 11 c2
Event: 62.096 Thread 0x0000025a9526d000 DEOPT PACKING pc=0x0000025a87d7ac48 sp=0x000000d78f2f9580
Event: 62.096 Thread 0x0000025a9526d000 DEOPT UNPACKING pc=0x0000025a8004a1af sp=0x000000d78f2f9500 mode 2

Classes redefined (0 events):
No events

Internal exceptions (20 events):
Event: 61.183 Thread 0x0000025a9526d000 Implicit null exception at 0x0000025a87ed173f to 0x0000025a87ed1d7c
Event: 61.186 Thread 0x0000025a9526d000 Exception <a 'java/lang/ClassNotFoundException'{0x000000008ef46530}: com/android/build/gradle/internal/dsl/BuildTypeCustomizer> (0x000000008ef46530) thrown at [./src/hotspot/share/classfile/systemDictionary.cpp, line 231]
Event: 61.190 Thread 0x0000025a9526d000 Exception <a 'java/lang/ClassNotFoundException'{0x000000008efdc9c8}: com/android/build/gradle/internal/dsl/BuildType$AgpDecoratedCustomizer> (0x000000008efdc9c8) thrown at [./src/hotspot/share/classfile/systemDictionary.cpp, line 231]
Event: 61.192 Thread 0x0000025a9526d000 Exception <a 'java/lang/ClassNotFoundException'{0x000000008ee3e538}: com/android/build/gradle/internal/dsl/BuildType$AgpDecorated_DecoratedCustomizer> (0x000000008ee3e538) thrown at [./src/hotspot/share/classfile/systemDictionary.cpp, line 231]
Event: 61.201 Thread 0x0000025a9526d000 Exception <a 'java/lang/ClassNotFoundException'{0x000000008ed188f8}: build_wfmymn2wpyd702q78w4210tv$_run_closure1$_closure4BeanInfo> (0x000000008ed188f8) thrown at [./src/hotspot/share/classfile/systemDictionary.cpp, line 231]
Event: 61.202 Thread 0x0000025a9526d000 Exception <a 'java/lang/ClassNotFoundException'{0x000000008ed2af68}: build_wfmymn2wpyd702q78w4210tv$_run_closure1$_closure4Customizer> (0x000000008ed2af68) thrown at [./src/hotspot/share/classfile/systemDictionary.cpp, line 231]
Event: 61.228 Thread 0x0000025a9526d000 Exception <a 'java/lang/ClassNotFoundException'{0x000000008ed56148}: build_wfmymn2wpyd702q78w4210tv$_run_closure1BeanInfo> (0x000000008ed56148) thrown at [./src/hotspot/share/classfile/systemDictionary.cpp, line 231]
Event: 61.228 Thread 0x0000025a9526d000 Exception <a 'java/lang/ClassNotFoundException'{0x000000008ed67f00}: build_wfmymn2wpyd702q78w4210tv$_run_closure1Customizer> (0x000000008ed67f00) thrown at [./src/hotspot/share/classfile/systemDictionary.cpp, line 231]
Event: 61.236 Thread 0x0000025a9526d000 Exception <a 'java/lang/ClassNotFoundException'{0x000000008edccda8}: org/gradle/api/JavaVersionBeanInfo> (0x000000008edccda8) thrown at [./src/hotspot/share/classfile/systemDictionary.cpp, line 231]
Event: 61.237 Thread 0x0000025a9526d000 Exception <a 'java/lang/ClassNotFoundException'{0x000000008edfbc28}: org/gradle/api/JavaVersionCustomizer> (0x000000008edfbc28) thrown at [./src/hotspot/share/classfile/systemDictionary.cpp, line 231]
Event: 61.241 Thread 0x0000025a9526d000 Exception <a 'java/lang/ClassNotFoundException'{0x000000008ec66f18}: com/android/build/gradle/internal/CompileOptions$AgpDecorated_DecoratedBeanInfo> (0x000000008ec66f18) thrown at [./src/hotspot/share/classfile/systemDictionary.cpp, line 231]
Event: 61.242 Thread 0x0000025a9526d000 Exception <a 'java/lang/ClassNotFoundException'{0x000000008ec85790}: com/android/build/gradle/internal/CompileOptions$AgpDecoratedBeanInfo> (0x000000008ec85790) thrown at [./src/hotspot/share/classfile/systemDictionary.cpp, line 231]
Event: 61.243 Thread 0x0000025a9526d000 Exception <a 'java/lang/ClassNotFoundException'{0x000000008eca17d0}: com/android/build/gradle/internal/CompileOptionsBeanInfo> (0x000000008eca17d0) thrown at [./src/hotspot/share/classfile/systemDictionary.cpp, line 231]
Event: 61.244 Thread 0x0000025a9526d000 Exception <a 'java/lang/ClassNotFoundException'{0x000000008ecbe290}: com/android/build/gradle/internal/CompileOptionsCustomizer> (0x000000008ecbe290) thrown at [./src/hotspot/share/classfile/systemDictionary.cpp, line 231]
Event: 61.245 Thread 0x0000025a9526d000 Exception <a 'java/lang/ClassNotFoundException'{0x000000008ece8d00}: com/android/build/gradle/internal/CompileOptions$AgpDecoratedCustomizer> (0x000000008ece8d00) thrown at [./src/hotspot/share/classfile/systemDictionary.cpp, line 231]
Event: 61.247 Thread 0x0000025a9526d000 Exception <a 'java/lang/ClassNotFoundException'{0x000000008eb16828}: com/android/build/gradle/internal/CompileOptions$AgpDecorated_DecoratedCustomizer> (0x000000008eb16828) thrown at [./src/hotspot/share/classfile/systemDictionary.cpp, line 231]
Event: 61.272 Thread 0x0000025a9526d000 Exception <a 'java/lang/ClassNotFoundException'{0x000000008ea51858}: org/gradle/api/internal/artifacts/dsl/dependencies/DefaultDependencyHandler_DecoratedBeanInfo> (0x000000008ea51858) thrown at [./src/hotspot/share/classfile/systemDictionary.cpp, line 231]
Event: 61.273 Thread 0x0000025a9526d000 Exception <a 'java/lang/ClassNotFoundException'{0x000000008eaa2090}: org/gradle/api/internal/artifacts/dsl/dependencies/DefaultDependencyHandlerBeanInfo> (0x000000008eaa2090) thrown at [./src/hotspot/share/classfile/systemDictionary.cpp, line 231]
Event: 61.274 Thread 0x0000025a9526d000 Exception <a 'java/lang/ClassNotFoundException'{0x000000008eaf2860}: org/gradle/api/internal/artifacts/dsl/dependencies/DefaultDependencyHandlerCustomizer> (0x000000008eaf2860) thrown at [./src/hotspot/share/classfile/systemDictionary.cpp, line 231]
Event: 61.277 Thread 0x0000025a9526d000 Exception <a 'java/lang/ClassNotFoundException'{0x000000008e96d788}: org/gradle/api/internal/artifacts/dsl/dependencies/DefaultDependencyHandler_DecoratedCustomizer> (0x000000008e96d788) thrown at [./src/hotspot/share/classfile/systemDictionary.cpp, line 231]

Events (20 events):
Event: 62.392 loading class org/gradle/api/component/AdhocComponentWithVariants
Event: 62.392 loading class org/gradle/api/component/AdhocComponentWithVariants done
Event: 62.392 loading class org/gradle/api/internal/java/usagecontext/ConfigurationVariantMapping
Event: 62.392 loading class org/gradle/api/internal/java/usagecontext/ConfigurationVariantMapping done
Event: 62.393 loading class org/gradle/api/internal/java/usagecontext/ConfigurationVariantDetailsInternal
Event: 62.393 loading class org/gradle/api/internal/java/usagecontext/ConfigurationVariantDetailsInternal done
Event: 62.394 loading class org/gradle/api/component/ConfigurationVariantDetails
Event: 62.394 loading class org/gradle/api/component/ConfigurationVariantDetails done
Event: 62.395 loading class org/gradle/api/component/SoftwareComponentContainer
Event: 62.395 loading class org/gradle/api/component/SoftwareComponentContainer done
Event: 62.459 loading class com/android/build/gradle/internal/tasks/OptimizeResourcesTask$CreateAction
Event: 62.459 loading class com/android/build/gradle/internal/tasks/OptimizeResourcesTask$CreateAction done
Event: 62.463 loading class com/android/build/gradle/internal/tasks/OptimizeResourcesTask
Event: 62.463 loading class com/android/build/gradle/internal/tasks/OptimizeResourcesTask done
Event: 62.466 loading class com/android/build/gradle/internal/tasks/OptimizeResourcesTask$CreateAction$handleProvider$operationRequest$1
Event: 62.466 loading class com/android/build/gradle/internal/tasks/OptimizeResourcesTask$CreateAction$handleProvider$operationRequest$1 done
Event: 62.467 loading class com/android/build/gradle/internal/tasks/OptimizeResourcesTask$CreateAction$handleProvider$operationRequest$2
Event: 62.467 loading class com/android/build/gradle/internal/tasks/OptimizeResourcesTask$CreateAction$handleProvider$operationRequest$2 done
Event: 62.478 loading class com/android/build/gradle/internal/scope/InternalMultipleArtifactType$EXTERNAL_LIBS_DEX
Event: 62.478 loading class com/android/build/gradle/internal/scope/InternalMultipleArtifactType$EXTERNAL_LIBS_DEX done


Dynamic libraries:
0x00007ff620920000 - 0x00007ff62092a000 	C:\Program Files\Android\Android Studio\jre\bin\java.exe
0x00007ffd7af70000 - 0x00007ffd7b168000 	C:\windows\SYSTEM32\ntdll.dll
0x00007ffd7ac00000 - 0x00007ffd7acbf000 	C:\windows\System32\KERNEL32.DLL
0x00007ffd78cd0000 - 0x00007ffd78fc6000 	C:\windows\System32\KERNELBASE.dll
0x00007ffd78760000 - 0x00007ffd78860000 	C:\windows\System32\ucrtbase.dll
0x00007ffd6f8a0000 - 0x00007ffd6f8b7000 	C:\Program Files\Android\Android Studio\jre\bin\VCRUNTIME140.dll
0x00007ffd4ce10000 - 0x00007ffd4ce29000 	C:\Program Files\Android\Android Studio\jre\bin\jli.dll
0x00007ffd7acc0000 - 0x00007ffd7ae5d000 	C:\windows\System32\USER32.dll
0x00007ffd78980000 - 0x00007ffd789a2000 	C:\windows\System32\win32u.dll
0x00007ffd7aa00000 - 0x00007ffd7aa2c000 	C:\windows\System32\GDI32.dll
0x00007ffd78b10000 - 0x00007ffd78c25000 	C:\windows\System32\gdi32full.dll
0x00007ffd78c30000 - 0x00007ffd78ccd000 	C:\windows\System32\msvcp_win.dll
0x00007ffd60bb0000 - 0x00007ffd60e4a000 	C:\windows\WinSxS\amd64_microsoft.windows.common-controls_6595b64144ccf1df_6.0.19041.1110_none_60b5254171f9507e\COMCTL32.dll
0x00007ffd7aa30000 - 0x00007ffd7aace000 	C:\windows\System32\msvcrt.dll
0x00007ffd79550000 - 0x00007ffd79580000 	C:\windows\System32\IMM32.DLL
0x00007ffd21c20000 - 0x00007ffd21cbd000 	C:\Program Files\Android\Android Studio\jre\bin\msvcp140.dll
0x00007ffcfa8f0000 - 0x00007ffcfb3f2000 	C:\Program Files\Android\Android Studio\jre\bin\server\jvm.dll
0x00007ffd79b90000 - 0x00007ffd79c3f000 	C:\windows\System32\ADVAPI32.dll
0x00007ffd7a7d0000 - 0x00007ffd7a86c000 	C:\windows\System32\sechost.dll
0x00007ffd7aad0000 - 0x00007ffd7abf6000 	C:\windows\System32\RPCRT4.dll
0x00007ffd7a6f0000 - 0x00007ffd7a6f8000 	C:\windows\System32\PSAPI.DLL
0x00007ffd60160000 - 0x00007ffd60187000 	C:\windows\SYSTEM32\WINMM.dll
0x00007ffd76a80000 - 0x00007ffd76a8a000 	C:\windows\SYSTEM32\VERSION.dll
0x00007ffd58fb0000 - 0x00007ffd58fb9000 	C:\windows\SYSTEM32\WSOCK32.dll
0x00007ffd79ed0000 - 0x00007ffd79f3b000 	C:\windows\System32\WS2_32.dll
0x00007ffd75b00000 - 0x00007ffd75b12000 	C:\windows\SYSTEM32\kernel.appcore.dll
0x00007ffd4d9f0000 - 0x00007ffd4da01000 	C:\Program Files\Android\Android Studio\jre\bin\verify.dll
0x00007ffd72090000 - 0x00007ffd72274000 	C:\windows\SYSTEM32\DBGHELP.DLL
0x00007ffd5e100000 - 0x00007ffd5e134000 	C:\windows\SYSTEM32\dbgcore.DLL
0x00007ffd786a0000 - 0x00007ffd78722000 	C:\windows\System32\bcryptPrimitives.dll
0x00007ffd494b0000 - 0x00007ffd494d9000 	C:\Program Files\Android\Android Studio\jre\bin\java.dll
0x00007ffd5e800000 - 0x00007ffd5e80b000 	C:\Program Files\Android\Android Studio\jre\bin\jimage.dll
0x00007ffd4cee0000 - 0x00007ffd4cef8000 	C:\Program Files\Android\Android Studio\jre\bin\zip.dll
0x00007ffd79fa0000 - 0x00007ffd7a6e4000 	C:\windows\System32\SHELL32.dll
0x00007ffd75ec0000 - 0x00007ffd76654000 	C:\windows\SYSTEM32\windows.storage.dll
0x00007ffd79660000 - 0x00007ffd799b4000 	C:\windows\System32\combase.dll
0x00007ffd78090000 - 0x00007ffd780be000 	C:\windows\SYSTEM32\Wldp.dll
0x00007ffd794a0000 - 0x00007ffd7954d000 	C:\windows\System32\SHCORE.dll
0x00007ffd7a870000 - 0x00007ffd7a8c5000 	C:\windows\System32\shlwapi.dll
0x00007ffd78580000 - 0x00007ffd785a5000 	C:\windows\SYSTEM32\profapi.dll
0x00007ffd4ad60000 - 0x00007ffd4ad7a000 	C:\Program Files\Android\Android Studio\jre\bin\net.dll
0x00007ffd77620000 - 0x00007ffd7772a000 	C:\windows\SYSTEM32\WINHTTP.dll
0x00007ffd77d80000 - 0x00007ffd77dea000 	C:\windows\system32\mswsock.dll
0x00007ffd49700000 - 0x00007ffd49714000 	C:\Program Files\Android\Android Studio\jre\bin\nio.dll
0x00007ffd4aff0000 - 0x00007ffd4b017000 	C:\Users\chiayi.chu\.gradle\native\e1d6ef7f7dcc3fd88c89a11ec53ec762bb8ba0a96d01ffa2cd45eb1d1d8dd5c5\windows-amd64\native-platform.dll
0x00007ffd074f0000 - 0x00007ffd07634000 	C:\Users\chiayi.chu\.gradle\native\0d407fdbe67a94daf76414ababcb853783967236a71b16ec16e742cd7a986fd3\windows-amd64\native-platform-file-events.dll
0x00007ffd5aee0000 - 0x00007ffd5aeea000 	C:\Program Files\Android\Android Studio\jre\bin\management.dll
0x00007ffd57a30000 - 0x00007ffd57a3d000 	C:\Program Files\Android\Android Studio\jre\bin\management_ext.dll
0x00007ffd77f70000 - 0x00007ffd77f88000 	C:\windows\SYSTEM32\CRYPTSP.dll
0x00007ffd77590000 - 0x00007ffd775c4000 	C:\windows\system32\rsaenh.dll
0x00007ffd78730000 - 0x00007ffd78757000 	C:\windows\System32\bcrypt.dll
0x00007ffd78500000 - 0x00007ffd7852e000 	C:\windows\SYSTEM32\USERENV.dll
0x00007ffd77f90000 - 0x00007ffd77f9c000 	C:\windows\SYSTEM32\CRYPTBASE.dll
0x00007ffd77a70000 - 0x00007ffd77aac000 	C:\windows\SYSTEM32\IPHLPAPI.DLL
0x00007ffd799c0000 - 0x00007ffd799c8000 	C:\windows\System32\NSI.dll
0x00007ffd6b190000 - 0x00007ffd6b1a7000 	C:\windows\SYSTEM32\dhcpcsvc6.DLL
0x00007ffd6b030000 - 0x00007ffd6b04d000 	C:\windows\SYSTEM32\dhcpcsvc.DLL
0x00007ffd77ab0000 - 0x00007ffd77b7a000 	C:\windows\SYSTEM32\DNSAPI.dll

dbghelp: loaded successfully - version: 4.0.5 - missing functions: none
symbol engine: initialized successfully - sym options: 0x614 - pdb path: .;C:\Program Files\Android\Android Studio\jre\bin;C:\windows\SYSTEM32;C:\windows\WinSxS\amd64_microsoft.windows.common-controls_6595b64144ccf1df_6.0.19041.1110_none_60b5254171f9507e;C:\Program Files\Android\Android Studio\jre\bin\server;C:\Users\chiayi.chu\.gradle\native\e1d6ef7f7dcc3fd88c89a11ec53ec762bb8ba0a96d01ffa2cd45eb1d1d8dd5c5\windows-amd64;C:\Users\chiayi.chu\.gradle\native\0d407fdbe67a94daf76414ababcb853783967236a71b16ec16e742cd7a986fd3\windows-amd64

VM Arguments:
jvm_args: --add-opens=java.base/java.util=ALL-UNNAMED --add-opens=java.base/java.lang=ALL-UNNAMED --add-opens=java.base/java.lang.invoke=ALL-UNNAMED --add-opens=java.base/java.util=ALL-UNNAMED --add-opens=java.prefs/java.util.prefs=ALL-UNNAMED --add-opens=java.prefs/java.util.prefs=ALL-UNNAMED --add-opens=java.base/java.nio.charset=ALL-UNNAMED --add-opens=java.base/java.net=ALL-UNNAMED --add-opens=java.base/java.util.concurrent.atomic=ALL-UNNAMED -Xmx2048m -Dfile.encoding=UTF-8 -Duser.country=TW -Duser.language=zh -Duser.variant 
java_command: org.gradle.launcher.daemon.bootstrap.GradleDaemon 7.4
java_class_path (initial): C:\Users\chiayi.chu\.gradle\wrapper\dists\gradle-7.4-bin\c0gwcg53nkjbqw7r0h0umtfvt\gradle-7.4\lib\gradle-launcher-7.4.jar
Launcher Type: SUN_STANDARD

[Global flags]
     intx CICompilerCount                          = 3                                         {product} {ergonomic}
     uint ConcGCThreads                            = 1                                         {product} {ergonomic}
     uint G1ConcRefinementThreads                  = 4                                         {product} {ergonomic}
   size_t G1HeapRegionSize                         = 1048576                                   {product} {ergonomic}
    uintx GCDrainStackTargetSize                   = 64                                        {product} {ergonomic}
   size_t InitialHeapSize                          = 268435456                                 {product} {ergonomic}
   size_t MarkStackSize                            = 4194304                                   {product} {ergonomic}
   size_t MaxHeapSize                              = 2147483648                                {product} {command line}
   size_t MaxNewSize                               = 1287651328                                {product} {ergonomic}
   size_t MinHeapDeltaBytes                        = 1048576                                   {product} {ergonomic}
    uintx NonNMethodCodeHeapSize                   = 5830732                                {pd product} {ergonomic}
    uintx NonProfiledCodeHeapSize                  = 122913754                              {pd product} {ergonomic}
    uintx ProfiledCodeHeapSize                     = 122913754                              {pd product} {ergonomic}
    uintx ReservedCodeCacheSize                    = 251658240                              {pd product} {ergonomic}
     bool SegmentedCodeCache                       = true                                      {product} {ergonomic}
     bool UseCompressedClassPointers               = true                                 {lp64_product} {ergonomic}
     bool UseCompressedOops                        = true                                 {lp64_product} {ergonomic}
     bool UseG1GC                                  = true                                      {product} {ergonomic}
     bool UseLargePagesIndividualAllocation        = false                                  {pd product} {ergonomic}

Logging:
Log output configuration:
 #0: stdout all=warning uptime,level,tags
 #1: stderr all=off uptime,level,tags

Environment Variables:
JAVA_HOME=C:\Program Files (x86)\Java\jre1.8.0_291
CLASSPATH=C:\Program Files (x86)\Java\jre1.8.0_291\lib
PATH=C:\Program Files (x86)\Common Files\Oracle\Java\javapath;C:\windows\system32;C:\windows;C:\windows\System32\Wbem;C:\windows\System32\WindowsPowerShell\v1.0\;C:\windows\System32\OpenSSH\;C:\Program Files (x86)\Intel\Intel(R) Management Engine Components\DAL;C:\Program Files\Intel\Intel(R) Management Engine Components\DAL;C:\Program Files\TortoiseSVN\bin;C:\Program Files (x86)\Vector CANdb++ 3.1\Exec32;C:\Program Files (x86)\Java\jre1.8.0_291\bin;C:\Users\chiayi.chu\AppData\Local\Android\Sdk\tools;C:\Users\chiayi.chu\AppData\Local\Android\Sdk\platform-tools;C:\Program Files\Microsoft SQL Server\150\Tools\Binn\;C:\Program Files\Microsoft SQL Server\Client SDK\ODBC\170\Tools\Binn\;C:\Program Files\dotnet\;C:\Program Files\TortoiseGit\bin;C:\Program Files\Git\cmd;C:\Program Files (x86)\IVI Foundation\VISA\WinNT\Bin\;C:\Program Files\IVI Foundation\VISA\Win64\Bin\;C:\Program Files (x86)\IVI Foundation\VISA\WinNT\Bin;C:\Program Files (x86)\IVI Foundation\IVI\bin;C:\Program Files\IVI Foundation\IVI\bin;C:\Users\chiayi.chu\AppData\Local\Microsoft\WindowsApps;C:\Users\chiayi.chu\.dotnet\tools
USERNAME=CHIAYI.CHU
OS=Windows_NT
PROCESSOR_IDENTIFIER=Intel64 Family 6 Model 142 Stepping 9, GenuineIntel



---------------  S Y S T E M  ---------------

OS: Windows 10 , 64 bit Build 19041 (10.0.19041.3155)
OS uptime: 9 days 1:47 hours

CPU:total 4 (initial active 4) (2 cores per cpu, 2 threads per core) family 6 model 142 stepping 9 microcode 0xf0, cmov, cx8, fxsr, mmx, sse, sse2, sse3, ssse3, sse4.1, sse4.2, popcnt, avx, avx2, aes, clmul, erms, rtm, 3dnowpref, lzcnt, ht, tsc, tscinvbit, bmi1, bmi2, adx, fma

Memory: 4k page, system-wide physical 16259M (4331M free)
TotalPageFile size 54596M (AvailPageFile size 5M)
current process WorkingSet (physical memory assigned to process): 406M, peak: 408M
current process commit charge ("private bytes"): 497M, peak: 498M

vm_info: OpenJDK 64-Bit Server VM (11.0.13+0-b1751.21-8125866) for windows-amd64 JRE (11.0.13+0-b1751.21-8125866), built on Feb  2 2022 03:00:22 by "builder" with MS VC++ 14.0 (VS2015)

END.
